Warning message:
In read.table(file = file, header = header, sep = sep, quote = quote,  :
  incomplete final line found by readTableHeader on '/home/cypher/R/x86_64-pc-linux-gnu-library/4.6/link/extdata/configs/bcfishpass/overrides/cabd_blkey_xref.csv'
NOTICE:  schema "working_kisp" does not exist, skipping

NOTICE:  schema "working_kisp" does not exist, skipping

NOTICE:  schema "working_kisp" does not exist, skipping

NOTICE:  schema "working_kisp" does not exist, skipping

NOTICE:  schema "fresh" already exists, skipping

NOTICE:  table "barriers_definite" does not exist, skipping

NOTICE:  table "observations" does not exist, skipping

NOTICE:  table "streams_blk" does not exist, skipping

NOTICE:  table "gradient_barriers_raw" does not exist, skipping

NOTICE:  table "natural_barriers" does not exist, skipping

NOTICE:  table "barriers_subsurfaceflow" does not exist, skipping

NOTICE:  table "barrier_overrides" does not exist, skipping

NOTICE:  table "barriers_bt" does not exist, skipping

NOTICE:  table "barriers_bt_min" does not exist, skipping

NOTICE:  table "barriers_ch" does not exist, skipping

NOTICE:  table "barriers_ch_min" does not exist, skipping

NOTICE:  table "barriers_cm" does not exist, skipping

NOTICE:  table "barriers_cm_min" does not exist, skipping

NOTICE:  table "barriers_co" does not exist, skipping

NOTICE:  table "barriers_co_min" does not exist, skipping

NOTICE:  table "barriers_pk" does not exist, skipping

NOTICE:  table "barriers_pk_min" does not exist, skipping

NOTICE:  table "barriers_sk" does not exist, skipping

NOTICE:  table "barriers_sk_min" does not exist, skipping

NOTICE:  table "barriers_st" does not exist, skipping

NOTICE:  table "barriers_st_min" does not exist, skipping

NOTICE:  table "barriers_wct" does not exist, skipping

NOTICE:  table "barriers_wct_min" does not exist, skipping

NOTICE:  table "gradient_barriers_minimal" does not exist, skipping

NOTICE:  table "streams" does not exist, skipping

NOTICE:  table "streams_habitat" does not exist, skipping

NOTICE:  table "cabd_exclusions" does not exist, skipping

NOTICE:  table "cabd_blkey_xref" does not exist, skipping

NOTICE:  table "cabd_passability_status_updates" does not exist, skipping

NOTICE:  table "cabd_additions" does not exist, skipping

NOTICE:  table "cabd_dams_raw" does not exist, skipping

NOTICE:  table "dams" does not exist, skipping

NOTICE:  table "pscis_modelledcrossings_streams_xref" does not exist, skipping

NOTICE:  table "pscis_stream_candidates" does not exist, skipping

NOTICE:  table "pscis_streams_150m" does not exist, skipping

NOTICE:  table "pscis_picked" does not exist, skipping

NOTICE:  table "pscis" does not exist, skipping

NOTICE:  table "crossings_lookup" does not exist, skipping

NOTICE:  table "barriers_anthropogenic" does not exist, skipping

NOTICE:  table "barriers_pscis" does not exist, skipping

NOTICE:  table "barriers_dams" does not exist, skipping

NOTICE:  table "barriers_remediations" does not exist, skipping

NOTICE:  table "observations_breaks" does not exist, skipping

NOTICE:  table "habitat_endpoints" does not exist, skipping

NOTICE:  table "crossings_breaks" does not exist, skipping

NOTICE:  table "streams_breaks" does not exist, skipping

NOTICE:  relation "streams_id_segment_idx" already exists, skipping

NOTICE:  table "streams_acc_015" does not exist, skipping

NOTICE:  table "streams_acc_02" does not exist, skipping

NOTICE:  table "streams_acc_025" does not exist, skipping

NOTICE:  table "streams_acc_025_ovr_bt" does not exist, skipping

NOTICE:  table "frs_clusters_bt" does not exist, skipping

NOTICE:  table "frs_clusters_ch" does not exist, skipping

NOTICE:  table "frs_clusters_co" does not exist, skipping

NOTICE:  table "frs_clusters_sk" does not exist, skipping

NOTICE:  table "frs_qual_spawn_sk" does not exist, skipping

NOTICE:  table "frs_trace_lfid_sk" does not exist, skipping

NOTICE:  table "frs_clusters_st" does not exist, skipping

NOTICE:  schema "fresh" already exists, skipping

NOTICE:  relation "streams" already exists, skipping

NOTICE:  relation "streams_wsg_idx" already exists, skipping

NOTICE:  relation "streams_blk_idx" already exists, skipping

NOTICE:  relation "streams_geom_idx" already exists, skipping

NOTICE:  relation "streams_wbk_idx" already exists, skipping

NOTICE:  relation "streams_wscode_gist_idx" already exists, skipping

NOTICE:  relation "streams_wscode_btree_idx" already exists, skipping

NOTICE:  relation "streams_localcode_gist_idx" already exists, skipping

NOTICE:  relation "streams_localcode_btree_idx" already exists, skipping

NOTICE:  relation "streams_habitat_bt" already exists, skipping

NOTICE:  relation "streams_habitat_bt_wsg_idx" already exists, skipping

NOTICE:  relation "streams_habitat_ch" already exists, skipping

NOTICE:  relation "streams_habitat_ch_wsg_idx" already exists, skipping

NOTICE:  relation "streams_habitat_cm" already exists, skipping

NOTICE:  relation "streams_habitat_cm_wsg_idx" already exists, skipping

NOTICE:  relation "streams_habitat_co" already exists, skipping

NOTICE:  relation "streams_habitat_co_wsg_idx" already exists, skipping

NOTICE:  relation "streams_habitat_pk" already exists, skipping

NOTICE:  relation "streams_habitat_pk_wsg_idx" already exists, skipping

NOTICE:  relation "streams_habitat_sk" already exists, skipping

NOTICE:  relation "streams_habitat_sk_wsg_idx" already exists, skipping

NOTICE:  relation "streams_habitat_st" already exists, skipping

NOTICE:  relation "streams_habitat_st_wsg_idx" already exists, skipping

NOTICE:  relation "streams_habitat_wct" already exists, skipping

NOTICE:  relation "streams_habitat_wct_wsg_idx" already exists, skipping

NOTICE:  relation "barriers" already exists, skipping

NOTICE:  relation "barriers_wsg_idx" already exists, skipping

NOTICE:  relation "barriers_blocks_idx" already exists, skipping

NOTICE:  relation "barriers_source_idx" already exists, skipping

NOTICE:  relation "barriers_blk_drm_idx" already exists, skipping

NOTICE:  relation "barriers_geom_idx" already exists, skipping

NOTICE:  relation "barriers_wscode_gist_idx" already exists, skipping

NOTICE:  relation "barriers_wscode_btree_idx" already exists, skipping

NOTICE:  relation "barriers_localcode_gist_idx" already exists, skipping

NOTICE:  relation "barriers_localcode_btree_idx" already exists, skipping

NOTICE:  relation "barrier_overrides" already exists, skipping

NOTICE:  relation "barrier_overrides_wsg_idx" already exists, skipping

NOTICE:  relation "barrier_overrides_blk_drm_idx" already exists, skipping

NOTICE:  relation "streams_access" already exists, skipping

NOTICE:  relation "streams_access_wsg_idx" already exists, skipping

NOTICE:  relation "streams_mapping_code" already exists, skipping

NOTICE:  relation "streams_mapping_code_wsg_idx" already exists, skipping

NOTICE:  table "barriers" does not exist, skipping

NOTICE:  view "barriers_bt_unified" does not exist, skipping

NOTICE:  view "barriers_bt_access" does not exist, skipping

NOTICE:  view "barriers_ch_unified" does not exist, skipping

NOTICE:  view "barriers_ch_access" does not exist, skipping

NOTICE:  view "barriers_cm_unified" does not exist, skipping

NOTICE:  view "barriers_cm_access" does not exist, skipping

NOTICE:  view "barriers_co_unified" does not exist, skipping

NOTICE:  view "barriers_co_access" does not exist, skipping

NOTICE:  view "barriers_pk_unified" does not exist, skipping

NOTICE:  view "barriers_pk_access" does not exist, skipping

NOTICE:  view "barriers_sk_unified" does not exist, skipping

NOTICE:  view "barriers_sk_access" does not exist, skipping

NOTICE:  view "barriers_st_unified" does not exist, skipping

NOTICE:  view "barriers_st_access" does not exist, skipping

NOTICE:  view "barriers_anthropogenic_unified" does not exist, skipping

NOTICE:  view "barriers_pscis_unified" does not exist, skipping

NOTICE:  view "barriers_dams_unified" does not exist, skipping

[wsg_run_one] KISP done in 6.0 min (persist=fresh)
There were 12 warnings (use warnings() to see them)
Warning message:
In read.table(file = file, header = header, sep = sep, quote = quote,  :
  incomplete final line found by readTableHeader on '/home/cypher/R/x86_64-pc-linux-gnu-library/4.6/link/extdata/configs/bcfishpass/overrides/cabd_blkey_xref.csv'
NOTICE:  schema "working_klum" does not exist, skipping

NOTICE:  schema "working_klum" does not exist, skipping

NOTICE:  schema "working_klum" does not exist, skipping

NOTICE:  schema "working_klum" does not exist, skipping

NOTICE:  schema "fresh" already exists, skipping

NOTICE:  table "barriers_definite" does not exist, skipping

NOTICE:  table "observations" does not exist, skipping

NOTICE:  table "streams_blk" does not exist, skipping

NOTICE:  table "gradient_barriers_raw" does not exist, skipping

NOTICE:  table "natural_barriers" does not exist, skipping

NOTICE:  table "barriers_subsurfaceflow" does not exist, skipping

NOTICE:  table "barrier_overrides" does not exist, skipping

NOTICE:  table "barriers_bt" does not exist, skipping

NOTICE:  table "barriers_bt_min" does not exist, skipping

NOTICE:  table "barriers_ch" does not exist, skipping

NOTICE:  table "barriers_ch_min" does not exist, skipping

NOTICE:  table "barriers_cm" does not exist, skipping

NOTICE:  table "barriers_cm_min" does not exist, skipping

NOTICE:  table "barriers_co" does not exist, skipping

NOTICE:  table "barriers_co_min" does not exist, skipping

NOTICE:  table "barriers_pk" does not exist, skipping

NOTICE:  table "barriers_pk_min" does not exist, skipping

NOTICE:  table "barriers_sk" does not exist, skipping

NOTICE:  table "barriers_sk_min" does not exist, skipping

NOTICE:  table "barriers_st" does not exist, skipping

NOTICE:  table "barriers_st_min" does not exist, skipping

NOTICE:  table "barriers_wct" does not exist, skipping

NOTICE:  table "barriers_wct_min" does not exist, skipping

NOTICE:  table "gradient_barriers_minimal" does not exist, skipping

NOTICE:  table "streams" does not exist, skipping

NOTICE:  table "streams_habitat" does not exist, skipping

NOTICE:  table "cabd_exclusions" does not exist, skipping

NOTICE:  table "cabd_blkey_xref" does not exist, skipping

NOTICE:  table "cabd_passability_status_updates" does not exist, skipping

NOTICE:  table "cabd_additions" does not exist, skipping

NOTICE:  table "cabd_dams_raw" does not exist, skipping

NOTICE:  table "dams" does not exist, skipping

NOTICE:  table "pscis_modelledcrossings_streams_xref" does not exist, skipping

NOTICE:  table "pscis_stream_candidates" does not exist, skipping

NOTICE:  table "pscis_streams_150m" does not exist, skipping

NOTICE:  table "pscis_picked" does not exist, skipping

NOTICE:  table "pscis" does not exist, skipping

NOTICE:  table "crossings_lookup" does not exist, skipping

NOTICE:  table "barriers_anthropogenic" does not exist, skipping

NOTICE:  table "barriers_pscis" does not exist, skipping

NOTICE:  table "barriers_dams" does not exist, skipping

NOTICE:  table "barriers_remediations" does not exist, skipping

NOTICE:  table "observations_breaks" does not exist, skipping

NOTICE:  table "habitat_endpoints" does not exist, skipping

NOTICE:  table "crossings_breaks" does not exist, skipping

NOTICE:  table "streams_breaks" does not exist, skipping

NOTICE:  relation "streams_id_segment_idx" already exists, skipping

NOTICE:  table "streams_acc_015" does not exist, skipping

NOTICE:  table "streams_acc_02" does not exist, skipping

NOTICE:  table "streams_acc_025" does not exist, skipping

NOTICE:  table "streams_acc_025_ovr_bt" does not exist, skipping

NOTICE:  table "streams_acc_015_ovr_ch" does not exist, skipping

NOTICE:  table "streams_acc_015_ovr_cm" does not exist, skipping

NOTICE:  table "streams_acc_015_ovr_co" does not exist, skipping

NOTICE:  table "streams_acc_015_ovr_pk" does not exist, skipping

NOTICE:  table "streams_acc_015_ovr_sk" does not exist, skipping

NOTICE:  table "streams_acc_02_ovr_st" does not exist, skipping

NOTICE:  table "frs_clusters_bt" does not exist, skipping

NOTICE:  table "frs_clusters_ch" does not exist, skipping

NOTICE:  table "frs_clusters_co" does not exist, skipping

NOTICE:  table "frs_clusters_sk" does not exist, skipping

NOTICE:  table "frs_qual_spawn_sk" does not exist, skipping

NOTICE:  table "frs_trace_lfid_sk" does not exist, skipping

NOTICE:  table "frs_clusters_st" does not exist, skipping

NOTICE:  schema "fresh" already exists, skipping

NOTICE:  relation "streams" already exists, skipping

NOTICE:  relation "streams_wsg_idx" already exists, skipping

NOTICE:  relation "streams_blk_idx" already exists, skipping

NOTICE:  relation "streams_geom_idx" already exists, skipping

NOTICE:  relation "streams_wbk_idx" already exists, skipping

NOTICE:  relation "streams_wscode_gist_idx" already exists, skipping

NOTICE:  relation "streams_wscode_btree_idx" already exists, skipping

NOTICE:  relation "streams_localcode_gist_idx" already exists, skipping

NOTICE:  relation "streams_localcode_btree_idx" already exists, skipping

NOTICE:  relation "streams_habitat_bt" already exists, skipping

NOTICE:  relation "streams_habitat_bt_wsg_idx" already exists, skipping

NOTICE:  relation "streams_habitat_ch" already exists, skipping

NOTICE:  relation "streams_habitat_ch_wsg_idx" already exists, skipping

NOTICE:  relation "streams_habitat_cm" already exists, skipping

NOTICE:  relation "streams_habitat_cm_wsg_idx" already exists, skipping

NOTICE:  relation "streams_habitat_co" already exists, skipping

NOTICE:  relation "streams_habitat_co_wsg_idx" already exists, skipping

NOTICE:  relation "streams_habitat_pk" already exists, skipping

NOTICE:  relation "streams_habitat_pk_wsg_idx" already exists, skipping

NOTICE:  relation "streams_habitat_sk" already exists, skipping

NOTICE:  relation "streams_habitat_sk_wsg_idx" already exists, skipping

NOTICE:  relation "streams_habitat_st" already exists, skipping

NOTICE:  relation "streams_habitat_st_wsg_idx" already exists, skipping

NOTICE:  relation "streams_habitat_wct" already exists, skipping

NOTICE:  relation "streams_habitat_wct_wsg_idx" already exists, skipping

NOTICE:  relation "barriers" already exists, skipping

NOTICE:  relation "barriers_wsg_idx" already exists, skipping

NOTICE:  relation "barriers_blocks_idx" already exists, skipping

NOTICE:  relation "barriers_source_idx" already exists, skipping

NOTICE:  relation "barriers_blk_drm_idx" already exists, skipping

NOTICE:  relation "barriers_geom_idx" already exists, skipping

NOTICE:  relation "barriers_wscode_gist_idx" already exists, skipping

NOTICE:  relation "barriers_wscode_btree_idx" already exists, skipping

NOTICE:  relation "barriers_localcode_gist_idx" already exists, skipping

NOTICE:  relation "barriers_localcode_btree_idx" already exists, skipping

NOTICE:  relation "barrier_overrides" already exists, skipping

NOTICE:  relation "barrier_overrides_wsg_idx" already exists, skipping

NOTICE:  relation "barrier_overrides_blk_drm_idx" already exists, skipping

NOTICE:  relation "streams_access" already exists, skipping

NOTICE:  relation "streams_access_wsg_idx" already exists, skipping

NOTICE:  relation "streams_mapping_code" already exists, skipping

NOTICE:  relation "streams_mapping_code_wsg_idx" already exists, skipping

NOTICE:  table "barriers" does not exist, skipping

NOTICE:  view "barriers_bt_unified" does not exist, skipping

NOTICE:  view "barriers_bt_access" does not exist, skipping

NOTICE:  view "barriers_ch_unified" does not exist, skipping

NOTICE:  view "barriers_ch_access" does not exist, skipping

NOTICE:  view "barriers_cm_unified" does not exist, skipping

NOTICE:  view "barriers_cm_access" does not exist, skipping

NOTICE:  view "barriers_co_unified" does not exist, skipping

NOTICE:  view "barriers_co_access" does not exist, skipping

NOTICE:  view "barriers_pk_unified" does not exist, skipping

NOTICE:  view "barriers_pk_access" does not exist, skipping

NOTICE:  view "barriers_sk_unified" does not exist, skipping

NOTICE:  view "barriers_sk_access" does not exist, skipping

NOTICE:  view "barriers_st_unified" does not exist, skipping

NOTICE:  view "barriers_st_access" does not exist, skipping

NOTICE:  view "barriers_anthropogenic_unified" does not exist, skipping

NOTICE:  view "barriers_pscis_unified" does not exist, skipping

NOTICE:  view "barriers_dams_unified" does not exist, skipping

[wsg_run_one] KLUM done in 4.7 min (persist=fresh)
There were 12 warnings (use warnings() to see them)
Warning message:
In read.table(file = file, header = header, sep = sep, quote = quote,  :
  incomplete final line found by readTableHeader on '/home/cypher/R/x86_64-pc-linux-gnu-library/4.6/link/extdata/configs/bcfishpass/overrides/cabd_blkey_xref.csv'
NOTICE:  schema "working_lkel" does not exist, skipping

NOTICE:  schema "working_lkel" does not exist, skipping

NOTICE:  schema "working_lkel" does not exist, skipping

NOTICE:  schema "working_lkel" does not exist, skipping

NOTICE:  schema "fresh" already exists, skipping

NOTICE:  table "barriers_definite" does not exist, skipping

NOTICE:  table "barriers_definite_control" does not exist, skipping

NOTICE:  table "observations" does not exist, skipping

NOTICE:  table "streams_blk" does not exist, skipping

NOTICE:  table "gradient_barriers_raw" does not exist, skipping

NOTICE:  table "natural_barriers" does not exist, skipping

NOTICE:  table "barriers_subsurfaceflow" does not exist, skipping

NOTICE:  table "barrier_overrides" does not exist, skipping

NOTICE:  table "barriers_bt" does not exist, skipping

NOTICE:  table "barriers_bt_min" does not exist, skipping

NOTICE:  table "barriers_ch" does not exist, skipping

NOTICE:  table "barriers_ch_min" does not exist, skipping

NOTICE:  table "barriers_cm" does not exist, skipping

NOTICE:  table "barriers_cm_min" does not exist, skipping

NOTICE:  table "barriers_co" does not exist, skipping

NOTICE:  table "barriers_co_min" does not exist, skipping

NOTICE:  table "barriers_pk" does not exist, skipping

NOTICE:  table "barriers_pk_min" does not exist, skipping

NOTICE:  table "barriers_sk" does not exist, skipping

NOTICE:  table "barriers_sk_min" does not exist, skipping

NOTICE:  table "barriers_st" does not exist, skipping

NOTICE:  table "barriers_st_min" does not exist, skipping

NOTICE:  table "barriers_wct" does not exist, skipping

NOTICE:  table "barriers_wct_min" does not exist, skipping

NOTICE:  table "gradient_barriers_minimal" does not exist, skipping

NOTICE:  table "streams" does not exist, skipping

NOTICE:  table "streams_habitat" does not exist, skipping

NOTICE:  table "cabd_exclusions" does not exist, skipping

NOTICE:  table "cabd_blkey_xref" does not exist, skipping

NOTICE:  table "cabd_passability_status_updates" does not exist, skipping

NOTICE:  table "cabd_additions" does not exist, skipping

NOTICE:  table "cabd_dams_raw" does not exist, skipping

NOTICE:  table "dams" does not exist, skipping

NOTICE:  table "pscis_modelledcrossings_streams_xref" does not exist, skipping

NOTICE:  table "pscis_stream_candidates" does not exist, skipping

NOTICE:  table "pscis_streams_150m" does not exist, skipping

NOTICE:  table "pscis_picked" does not exist, skipping

NOTICE:  table "pscis" does not exist, skipping

NOTICE:  table "crossings_lookup" does not exist, skipping

NOTICE:  table "barriers_anthropogenic" does not exist, skipping

NOTICE:  table "barriers_pscis" does not exist, skipping

NOTICE:  table "barriers_dams" does not exist, skipping

NOTICE:  table "barriers_remediations" does not exist, skipping

NOTICE:  table "observations_breaks" does not exist, skipping

NOTICE:  table "habitat_endpoints" does not exist, skipping

NOTICE:  table "crossings_breaks" does not exist, skipping

NOTICE:  table "streams_breaks" does not exist, skipping

NOTICE:  relation "streams_id_segment_idx" already exists, skipping

NOTICE:  table "streams_acc_015" does not exist, skipping

NOTICE:  table "streams_acc_02" does not exist, skipping

NOTICE:  table "streams_acc_025" does not exist, skipping

NOTICE:  table "streams_acc_025_ovr_bt" does not exist, skipping

NOTICE:  table "frs_clusters_bt" does not exist, skipping

NOTICE:  table "frs_clusters_ch" does not exist, skipping

NOTICE:  table "frs_clusters_co" does not exist, skipping

NOTICE:  table "frs_clusters_st" does not exist, skipping

NOTICE:  schema "fresh" already exists, skipping

NOTICE:  relation "streams" already exists, skipping

NOTICE:  relation "streams_wsg_idx" already exists, skipping

NOTICE:  relation "streams_blk_idx" already exists, skipping

NOTICE:  relation "streams_geom_idx" already exists, skipping

NOTICE:  relation "streams_wbk_idx" already exists, skipping

NOTICE:  relation "streams_wscode_gist_idx" already exists, skipping

NOTICE:  relation "streams_wscode_btree_idx" already exists, skipping

NOTICE:  relation "streams_localcode_gist_idx" already exists, skipping

NOTICE:  relation "streams_localcode_btree_idx" already exists, skipping

NOTICE:  relation "streams_habitat_bt" already exists, skipping

NOTICE:  relation "streams_habitat_bt_wsg_idx" already exists, skipping

NOTICE:  relation "streams_habitat_ch" already exists, skipping

NOTICE:  relation "streams_habitat_ch_wsg_idx" already exists, skipping

NOTICE:  relation "streams_habitat_cm" already exists, skipping

NOTICE:  relation "streams_habitat_cm_wsg_idx" already exists, skipping

NOTICE:  relation "streams_habitat_co" already exists, skipping

NOTICE:  relation "streams_habitat_co_wsg_idx" already exists, skipping

NOTICE:  relation "streams_habitat_pk" already exists, skipping

NOTICE:  relation "streams_habitat_pk_wsg_idx" already exists, skipping

NOTICE:  relation "streams_habitat_sk" already exists, skipping

NOTICE:  relation "streams_habitat_sk_wsg_idx" already exists, skipping

NOTICE:  relation "streams_habitat_st" already exists, skipping

NOTICE:  relation "streams_habitat_st_wsg_idx" already exists, skipping

NOTICE:  relation "streams_habitat_wct" already exists, skipping

NOTICE:  relation "streams_habitat_wct_wsg_idx" already exists, skipping

NOTICE:  relation "barriers" already exists, skipping

NOTICE:  relation "barriers_wsg_idx" already exists, skipping

NOTICE:  relation "barriers_blocks_idx" already exists, skipping

NOTICE:  relation "barriers_source_idx" already exists, skipping

NOTICE:  relation "barriers_blk_drm_idx" already exists, skipping

NOTICE:  relation "barriers_geom_idx" already exists, skipping

NOTICE:  relation "barriers_wscode_gist_idx" already exists, skipping

NOTICE:  relation "barriers_wscode_btree_idx" already exists, skipping

NOTICE:  relation "barriers_localcode_gist_idx" already exists, skipping

NOTICE:  relation "barriers_localcode_btree_idx" already exists, skipping

NOTICE:  relation "barrier_overrides" already exists, skipping

NOTICE:  relation "barrier_overrides_wsg_idx" already exists, skipping

NOTICE:  relation "barrier_overrides_blk_drm_idx" already exists, skipping

NOTICE:  relation "streams_access" already exists, skipping

NOTICE:  relation "streams_access_wsg_idx" already exists, skipping

NOTICE:  relation "streams_mapping_code" already exists, skipping

NOTICE:  relation "streams_mapping_code_wsg_idx" already exists, skipping

NOTICE:  table "barriers" does not exist, skipping

NOTICE:  view "barriers_bt_unified" does not exist, skipping

NOTICE:  view "barriers_bt_access" does not exist, skipping

NOTICE:  view "barriers_ch_unified" does not exist, skipping

NOTICE:  view "barriers_ch_access" does not exist, skipping

NOTICE:  view "barriers_cm_unified" does not exist, skipping

NOTICE:  view "barriers_cm_access" does not exist, skipping

NOTICE:  view "barriers_co_unified" does not exist, skipping

NOTICE:  view "barriers_co_access" does not exist, skipping

NOTICE:  view "barriers_pk_unified" does not exist, skipping

NOTICE:  view "barriers_pk_access" does not exist, skipping

NOTICE:  view "barriers_st_unified" does not exist, skipping

NOTICE:  view "barriers_st_access" does not exist, skipping

NOTICE:  view "barriers_anthropogenic_unified" does not exist, skipping

NOTICE:  view "barriers_pscis_unified" does not exist, skipping

NOTICE:  view "barriers_dams_unified" does not exist, skipping

[wsg_run_one] LKEL done in 1.1 min (persist=fresh)
There were 11 warnings (use warnings() to see them)
Warning message:
In read.table(file = file, header = header, sep = sep, quote = quote,  :
  incomplete final line found by readTableHeader on '/home/cypher/R/x86_64-pc-linux-gnu-library/4.6/link/extdata/configs/bcfishpass/overrides/cabd_blkey_xref.csv'
NOTICE:  schema "working_lske" does not exist, skipping

NOTICE:  schema "working_lske" does not exist, skipping

NOTICE:  schema "working_lske" does not exist, skipping

NOTICE:  schema "working_lske" does not exist, skipping

NOTICE:  schema "fresh" already exists, skipping

NOTICE:  table "barriers_definite" does not exist, skipping

NOTICE:  table "observations" does not exist, skipping

NOTICE:  table "streams_blk" does not exist, skipping

NOTICE:  table "gradient_barriers_raw" does not exist, skipping

NOTICE:  table "natural_barriers" does not exist, skipping

NOTICE:  table "barriers_subsurfaceflow" does not exist, skipping

NOTICE:  table "barrier_overrides" does not exist, skipping

NOTICE:  table "barriers_bt" does not exist, skipping

NOTICE:  table "barriers_bt_min" does not exist, skipping

NOTICE:  table "barriers_ch" does not exist, skipping

NOTICE:  table "barriers_ch_min" does not exist, skipping

NOTICE:  table "barriers_cm" does not exist, skipping

NOTICE:  table "barriers_cm_min" does not exist, skipping

NOTICE:  table "barriers_co" does not exist, skipping

NOTICE:  table "barriers_co_min" does not exist, skipping

NOTICE:  table "barriers_pk" does not exist, skipping

NOTICE:  table "barriers_pk_min" does not exist, skipping

NOTICE:  table "barriers_sk" does not exist, skipping

NOTICE:  table "barriers_sk_min" does not exist, skipping

NOTICE:  table "barriers_st" does not exist, skipping

NOTICE:  table "barriers_st_min" does not exist, skipping

NOTICE:  table "barriers_wct" does not exist, skipping

NOTICE:  table "barriers_wct_min" does not exist, skipping

NOTICE:  table "gradient_barriers_minimal" does not exist, skipping

NOTICE:  table "streams" does not exist, skipping

NOTICE:  table "streams_habitat" does not exist, skipping

NOTICE:  table "cabd_exclusions" does not exist, skipping

NOTICE:  table "cabd_blkey_xref" does not exist, skipping

NOTICE:  table "cabd_passability_status_updates" does not exist, skipping

NOTICE:  table "cabd_additions" does not exist, skipping

NOTICE:  table "cabd_dams_raw" does not exist, skipping

NOTICE:  table "dams" does not exist, skipping

NOTICE:  table "pscis_modelledcrossings_streams_xref" does not exist, skipping

NOTICE:  table "pscis_stream_candidates" does not exist, skipping

NOTICE:  table "pscis_streams_150m" does not exist, skipping

NOTICE:  table "pscis_picked" does not exist, skipping

NOTICE:  table "pscis" does not exist, skipping

NOTICE:  table "crossings_lookup" does not exist, skipping

NOTICE:  table "barriers_anthropogenic" does not exist, skipping

NOTICE:  table "barriers_pscis" does not exist, skipping

NOTICE:  table "barriers_dams" does not exist, skipping

NOTICE:  table "barriers_remediations" does not exist, skipping

NOTICE:  table "observations_breaks" does not exist, skipping

NOTICE:  table "habitat_endpoints" does not exist, skipping

NOTICE:  table "crossings_breaks" does not exist, skipping

NOTICE:  table "streams_breaks" does not exist, skipping

NOTICE:  relation "streams_id_segment_idx" already exists, skipping

NOTICE:  table "streams_acc_015" does not exist, skipping

NOTICE:  table "streams_acc_02" does not exist, skipping

NOTICE:  table "streams_acc_025" does not exist, skipping

NOTICE:  table "streams_acc_025_ovr_bt" does not exist, skipping

NOTICE:  table "streams_acc_015_ovr_ch" does not exist, skipping

NOTICE:  table "streams_acc_015_ovr_cm" does not exist, skipping

NOTICE:  table "streams_acc_015_ovr_co" does not exist, skipping

NOTICE:  table "streams_acc_015_ovr_pk" does not exist, skipping

NOTICE:  table "streams_acc_015_ovr_sk" does not exist, skipping

NOTICE:  table "streams_acc_02_ovr_st" does not exist, skipping

NOTICE:  table "frs_clusters_bt" does not exist, skipping

NOTICE:  table "frs_clusters_ch" does not exist, skipping

NOTICE:  table "frs_clusters_co" does not exist, skipping

NOTICE:  table "frs_clusters_sk" does not exist, skipping

NOTICE:  table "frs_qual_spawn_sk" does not exist, skipping

NOTICE:  table "frs_trace_lfid_sk" does not exist, skipping

NOTICE:  table "frs_clusters_st" does not exist, skipping

NOTICE:  schema "fresh" already exists, skipping

NOTICE:  relation "streams" already exists, skipping

NOTICE:  relation "streams_wsg_idx" already exists, skipping

NOTICE:  relation "streams_blk_idx" already exists, skipping

NOTICE:  relation "streams_geom_idx" already exists, skipping

NOTICE:  relation "streams_wbk_idx" already exists, skipping

NOTICE:  relation "streams_wscode_gist_idx" already exists, skipping

NOTICE:  relation "streams_wscode_btree_idx" already exists, skipping

NOTICE:  relation "streams_localcode_gist_idx" already exists, skipping

NOTICE:  relation "streams_localcode_btree_idx" already exists, skipping

NOTICE:  relation "streams_habitat_bt" already exists, skipping

NOTICE:  relation "streams_habitat_bt_wsg_idx" already exists, skipping

NOTICE:  relation "streams_habitat_ch" already exists, skipping

NOTICE:  relation "streams_habitat_ch_wsg_idx" already exists, skipping

NOTICE:  relation "streams_habitat_cm" already exists, skipping

NOTICE:  relation "streams_habitat_cm_wsg_idx" already exists, skipping

NOTICE:  relation "streams_habitat_co" already exists, skipping

NOTICE:  relation "streams_habitat_co_wsg_idx" already exists, skipping

NOTICE:  relation "streams_habitat_pk" already exists, skipping

NOTICE:  relation "streams_habitat_pk_wsg_idx" already exists, skipping

NOTICE:  relation "streams_habitat_sk" already exists, skipping

NOTICE:  relation "streams_habitat_sk_wsg_idx" already exists, skipping

NOTICE:  relation "streams_habitat_st" already exists, skipping

NOTICE:  relation "streams_habitat_st_wsg_idx" already exists, skipping

NOTICE:  relation "streams_habitat_wct" already exists, skipping

NOTICE:  relation "streams_habitat_wct_wsg_idx" already exists, skipping

NOTICE:  relation "barriers" already exists, skipping

NOTICE:  relation "barriers_wsg_idx" already exists, skipping

NOTICE:  relation "barriers_blocks_idx" already exists, skipping

NOTICE:  relation "barriers_source_idx" already exists, skipping

NOTICE:  relation "barriers_blk_drm_idx" already exists, skipping

NOTICE:  relation "barriers_geom_idx" already exists, skipping

NOTICE:  relation "barriers_wscode_gist_idx" already exists, skipping

NOTICE:  relation "barriers_wscode_btree_idx" already exists, skipping

NOTICE:  relation "barriers_localcode_gist_idx" already exists, skipping

NOTICE:  relation "barriers_localcode_btree_idx" already exists, skipping

NOTICE:  relation "barrier_overrides" already exists, skipping

NOTICE:  relation "barrier_overrides_wsg_idx" already exists, skipping

NOTICE:  relation "barrier_overrides_blk_drm_idx" already exists, skipping

NOTICE:  relation "streams_access" already exists, skipping

NOTICE:  relation "streams_access_wsg_idx" already exists, skipping

NOTICE:  relation "streams_mapping_code" already exists, skipping

NOTICE:  relation "streams_mapping_code_wsg_idx" already exists, skipping

NOTICE:  table "barriers" does not exist, skipping

NOTICE:  view "barriers_bt_unified" does not exist, skipping

NOTICE:  view "barriers_bt_access" does not exist, skipping

NOTICE:  view "barriers_ch_unified" does not exist, skipping

NOTICE:  view "barriers_ch_access" does not exist, skipping

NOTICE:  view "barriers_cm_unified" does not exist, skipping

NOTICE:  view "barriers_cm_access" does not exist, skipping

NOTICE:  view "barriers_co_unified" does not exist, skipping

NOTICE:  view "barriers_co_access" does not exist, skipping

NOTICE:  view "barriers_pk_unified" does not exist, skipping

NOTICE:  view "barriers_pk_access" does not exist, skipping

NOTICE:  view "barriers_sk_unified" does not exist, skipping

NOTICE:  view "barriers_sk_access" does not exist, skipping

NOTICE:  view "barriers_st_unified" does not exist, skipping

NOTICE:  view "barriers_st_access" does not exist, skipping

NOTICE:  view "barriers_anthropogenic_unified" does not exist, skipping

NOTICE:  view "barriers_pscis_unified" does not exist, skipping

NOTICE:  view "barriers_dams_unified" does not exist, skipping

[wsg_run_one] LSKE done in 6.3 min (persist=fresh)
There were 12 warnings (use warnings() to see them)
Warning message:
In read.table(file = file, header = header, sep = sep, quote = quote,  :
  incomplete final line found by readTableHeader on '/home/cypher/R/x86_64-pc-linux-gnu-library/4.6/link/extdata/configs/bcfishpass/overrides/cabd_blkey_xref.csv'
NOTICE:  schema "working_mske" does not exist, skipping

NOTICE:  schema "working_mske" does not exist, skipping

NOTICE:  schema "working_mske" does not exist, skipping

NOTICE:  schema "working_mske" does not exist, skipping

NOTICE:  schema "fresh" already exists, skipping

NOTICE:  table "barriers_definite" does not exist, skipping

NOTICE:  table "observations" does not exist, skipping

NOTICE:  table "streams_blk" does not exist, skipping

NOTICE:  table "gradient_barriers_raw" does not exist, skipping

NOTICE:  table "natural_barriers" does not exist, skipping

NOTICE:  table "barriers_subsurfaceflow" does not exist, skipping

NOTICE:  table "barrier_overrides" does not exist, skipping

NOTICE:  table "barriers_bt" does not exist, skipping

NOTICE:  table "barriers_bt_min" does not exist, skipping

NOTICE:  table "barriers_ch" does not exist, skipping

NOTICE:  table "barriers_ch_min" does not exist, skipping

NOTICE:  table "barriers_cm" does not exist, skipping

NOTICE:  table "barriers_cm_min" does not exist, skipping

NOTICE:  table "barriers_co" does not exist, skipping

NOTICE:  table "barriers_co_min" does not exist, skipping

NOTICE:  table "barriers_pk" does not exist, skipping

NOTICE:  table "barriers_pk_min" does not exist, skipping

NOTICE:  table "barriers_sk" does not exist, skipping

NOTICE:  table "barriers_sk_min" does not exist, skipping

NOTICE:  table "barriers_st" does not exist, skipping

NOTICE:  table "barriers_st_min" does not exist, skipping

NOTICE:  table "barriers_wct" does not exist, skipping

NOTICE:  table "barriers_wct_min" does not exist, skipping

NOTICE:  table "gradient_barriers_minimal" does not exist, skipping

NOTICE:  table "streams" does not exist, skipping

NOTICE:  table "streams_habitat" does not exist, skipping

NOTICE:  table "cabd_exclusions" does not exist, skipping

NOTICE:  table "cabd_blkey_xref" does not exist, skipping

NOTICE:  table "cabd_passability_status_updates" does not exist, skipping

NOTICE:  table "cabd_additions" does not exist, skipping

NOTICE:  table "cabd_dams_raw" does not exist, skipping

NOTICE:  table "dams" does not exist, skipping

NOTICE:  table "pscis_modelledcrossings_streams_xref" does not exist, skipping

NOTICE:  table "pscis_stream_candidates" does not exist, skipping

NOTICE:  table "pscis_streams_150m" does not exist, skipping

NOTICE:  table "pscis_picked" does not exist, skipping

NOTICE:  table "pscis" does not exist, skipping

NOTICE:  table "crossings_lookup" does not exist, skipping

NOTICE:  table "barriers_anthropogenic" does not exist, skipping

NOTICE:  table "barriers_pscis" does not exist, skipping

NOTICE:  table "barriers_dams" does not exist, skipping

NOTICE:  table "barriers_remediations" does not exist, skipping

NOTICE:  table "observations_breaks" does not exist, skipping

NOTICE:  table "habitat_endpoints" does not exist, skipping

NOTICE:  table "crossings_breaks" does not exist, skipping

NOTICE:  table "streams_breaks" does not exist, skipping

NOTICE:  relation "streams_id_segment_idx" already exists, skipping

NOTICE:  table "streams_acc_015" does not exist, skipping

NOTICE:  table "streams_acc_02" does not exist, skipping

NOTICE:  table "streams_acc_025" does not exist, skipping

NOTICE:  table "streams_acc_025_ovr_bt" does not exist, skipping

NOTICE:  table "streams_acc_015_ovr_ch" does not exist, skipping

NOTICE:  table "streams_acc_015_ovr_co" does not exist, skipping

NOTICE:  table "streams_acc_015_ovr_sk" does not exist, skipping

NOTICE:  table "streams_acc_02_ovr_st" does not exist, skipping

NOTICE:  table "frs_clusters_bt" does not exist, skipping

NOTICE:  table "frs_clusters_ch" does not exist, skipping

NOTICE:  table "frs_clusters_co" does not exist, skipping

NOTICE:  table "frs_clusters_sk" does not exist, skipping

NOTICE:  table "frs_qual_spawn_sk" does not exist, skipping

NOTICE:  table "frs_trace_lfid_sk" does not exist, skipping

NOTICE:  table "frs_clusters_st" does not exist, skipping

NOTICE:  schema "fresh" already exists, skipping

NOTICE:  relation "streams" already exists, skipping

NOTICE:  relation "streams_wsg_idx" already exists, skipping

NOTICE:  relation "streams_blk_idx" already exists, skipping

NOTICE:  relation "streams_geom_idx" already exists, skipping

NOTICE:  relation "streams_wbk_idx" already exists, skipping

NOTICE:  relation "streams_wscode_gist_idx" already exists, skipping

NOTICE:  relation "streams_wscode_btree_idx" already exists, skipping

NOTICE:  relation "streams_localcode_gist_idx" already exists, skipping

NOTICE:  relation "streams_localcode_btree_idx" already exists, skipping

NOTICE:  relation "streams_habitat_bt" already exists, skipping

NOTICE:  relation "streams_habitat_bt_wsg_idx" already exists, skipping

NOTICE:  relation "streams_habitat_ch" already exists, skipping

NOTICE:  relation "streams_habitat_ch_wsg_idx" already exists, skipping

NOTICE:  relation "streams_habitat_cm" already exists, skipping

NOTICE:  relation "streams_habitat_cm_wsg_idx" already exists, skipping

NOTICE:  relation "streams_habitat_co" already exists, skipping

NOTICE:  relation "streams_habitat_co_wsg_idx" already exists, skipping

NOTICE:  relation "streams_habitat_pk" already exists, skipping

NOTICE:  relation "streams_habitat_pk_wsg_idx" already exists, skipping

NOTICE:  relation "streams_habitat_sk" already exists, skipping

NOTICE:  relation "streams_habitat_sk_wsg_idx" already exists, skipping

NOTICE:  relation "streams_habitat_st" already exists, skipping

NOTICE:  relation "streams_habitat_st_wsg_idx" already exists, skipping

NOTICE:  relation "streams_habitat_wct" already exists, skipping

NOTICE:  relation "streams_habitat_wct_wsg_idx" already exists, skipping

NOTICE:  relation "barriers" already exists, skipping

NOTICE:  relation "barriers_wsg_idx" already exists, skipping

NOTICE:  relation "barriers_blocks_idx" already exists, skipping

NOTICE:  relation "barriers_source_idx" already exists, skipping

NOTICE:  relation "barriers_blk_drm_idx" already exists, skipping

NOTICE:  relation "barriers_geom_idx" already exists, skipping

NOTICE:  relation "barriers_wscode_gist_idx" already exists, skipping

NOTICE:  relation "barriers_wscode_btree_idx" already exists, skipping

NOTICE:  relation "barriers_localcode_gist_idx" already exists, skipping

NOTICE:  relation "barriers_localcode_btree_idx" already exists, skipping

NOTICE:  relation "barrier_overrides" already exists, skipping

NOTICE:  relation "barrier_overrides_wsg_idx" already exists, skipping

NOTICE:  relation "barrier_overrides_blk_drm_idx" already exists, skipping

NOTICE:  relation "streams_access" already exists, skipping

NOTICE:  relation "streams_access_wsg_idx" already exists, skipping

NOTICE:  relation "streams_mapping_code" already exists, skipping

NOTICE:  relation "streams_mapping_code_wsg_idx" already exists, skipping

NOTICE:  table "barriers" does not exist, skipping

NOTICE:  view "barriers_bt_unified" does not exist, skipping

NOTICE:  view "barriers_bt_access" does not exist, skipping

NOTICE:  view "barriers_ch_unified" does not exist, skipping

NOTICE:  view "barriers_ch_access" does not exist, skipping

NOTICE:  view "barriers_co_unified" does not exist, skipping

NOTICE:  view "barriers_co_access" does not exist, skipping

NOTICE:  view "barriers_sk_unified" does not exist, skipping

NOTICE:  view "barriers_sk_access" does not exist, skipping

NOTICE:  view "barriers_st_unified" does not exist, skipping

NOTICE:  view "barriers_st_access" does not exist, skipping

NOTICE:  view "barriers_anthropogenic_unified" does not exist, skipping

NOTICE:  view "barriers_pscis_unified" does not exist, skipping

NOTICE:  view "barriers_dams_unified" does not exist, skipping

[wsg_run_one] MSKE done in 3.8 min (persist=fresh)
Warning messages:
1: In st_read.DBIObject(conn, query = query) :
  Could not find a simple features geometry column. Will return a `data.frame`.
2: In st_read.DBIObject(conn, query = query) :
  Could not find a simple features geometry column. Will return a `data.frame`.
3: In st_read.DBIObject(conn, query = query) :
  Could not find a simple features geometry column. Will return a `data.frame`.
4: In st_read.DBIObject(conn, query = query) :
  Could not find a simple features geometry column. Will return a `data.frame`.
5: In st_read.DBIObject(conn, query = query) :
  Could not find a simple features geometry column. Will return a `data.frame`.
6: In st_read.DBIObject(conn, query = query) :
  Could not find a simple features geometry column. Will return a `data.frame`.
7: In st_read.DBIObject(conn, query = query) :
  Could not find a simple features geometry column. Will return a `data.frame`.
8: In st_read.DBIObject(conn, query = query) :
  Could not find a simple features geometry column. Will return a `data.frame`.
9: In st_read.DBIObject(conn, query = query) :
  Could not find a simple features geometry column. Will return a `data.frame`.
10: In st_read.DBIObject(conn, query = query) :
  Could not find a simple features geometry column. Will return a `data.frame`.
Warning message:
In read.table(file = file, header = header, sep = sep, quote = quote,  :
  incomplete final line found by readTableHeader on '/home/cypher/R/x86_64-pc-linux-gnu-library/4.6/link/extdata/configs/bcfishpass/overrides/cabd_blkey_xref.csv'
NOTICE:  schema "working_uske" does not exist, skipping

NOTICE:  schema "working_uske" does not exist, skipping

NOTICE:  schema "working_uske" does not exist, skipping

NOTICE:  schema "working_uske" does not exist, skipping

NOTICE:  schema "fresh" already exists, skipping

NOTICE:  table "barriers_definite" does not exist, skipping

NOTICE:  table "barriers_definite_control" does not exist, skipping

NOTICE:  table "observations" does not exist, skipping

NOTICE:  table "streams_blk" does not exist, skipping

NOTICE:  table "gradient_barriers_raw" does not exist, skipping

NOTICE:  table "natural_barriers" does not exist, skipping

NOTICE:  table "barriers_subsurfaceflow" does not exist, skipping

NOTICE:  table "barrier_overrides" does not exist, skipping

NOTICE:  table "barriers_bt" does not exist, skipping

NOTICE:  table "barriers_bt_min" does not exist, skipping

NOTICE:  table "barriers_ch" does not exist, skipping

NOTICE:  table "barriers_ch_min" does not exist, skipping

NOTICE:  table "barriers_cm" does not exist, skipping

NOTICE:  table "barriers_cm_min" does not exist, skipping

NOTICE:  table "barriers_co" does not exist, skipping

NOTICE:  table "barriers_co_min" does not exist, skipping

NOTICE:  table "barriers_pk" does not exist, skipping

NOTICE:  table "barriers_pk_min" does not exist, skipping

NOTICE:  table "barriers_sk" does not exist, skipping

NOTICE:  table "barriers_sk_min" does not exist, skipping

NOTICE:  table "barriers_st" does not exist, skipping

NOTICE:  table "barriers_st_min" does not exist, skipping

NOTICE:  table "barriers_wct" does not exist, skipping

NOTICE:  table "barriers_wct_min" does not exist, skipping

NOTICE:  table "gradient_barriers_minimal" does not exist, skipping

NOTICE:  table "streams" does not exist, skipping

NOTICE:  table "streams_habitat" does not exist, skipping

NOTICE:  table "cabd_exclusions" does not exist, skipping

NOTICE:  table "cabd_blkey_xref" does not exist, skipping

NOTICE:  table "cabd_passability_status_updates" does not exist, skipping

NOTICE:  table "cabd_additions" does not exist, skipping

NOTICE:  table "cabd_dams_raw" does not exist, skipping

NOTICE:  table "dams" does not exist, skipping

NOTICE:  table "pscis_modelledcrossings_streams_xref" does not exist, skipping

NOTICE:  table "pscis_stream_candidates" does not exist, skipping

NOTICE:  table "pscis_streams_150m" does not exist, skipping

NOTICE:  table "pscis_picked" does not exist, skipping

NOTICE:  table "pscis" does not exist, skipping

NOTICE:  table "crossings_lookup" does not exist, skipping

NOTICE:  table "barriers_anthropogenic" does not exist, skipping

NOTICE:  table "barriers_pscis" does not exist, skipping

NOTICE:  table "barriers_dams" does not exist, skipping

NOTICE:  table "barriers_remediations" does not exist, skipping

NOTICE:  table "observations_breaks" does not exist, skipping

NOTICE:  table "habitat_endpoints" does not exist, skipping

NOTICE:  table "crossings_breaks" does not exist, skipping

NOTICE:  table "streams_breaks" does not exist, skipping

NOTICE:  relation "streams_id_segment_idx" already exists, skipping

NOTICE:  table "streams_acc_015" does not exist, skipping

NOTICE:  table "streams_acc_02" does not exist, skipping

NOTICE:  table "streams_acc_025" does not exist, skipping

NOTICE:  table "streams_acc_025_ovr_bt" does not exist, skipping

NOTICE:  table "streams_acc_02_ovr_st" does not exist, skipping

NOTICE:  table "frs_clusters_bt" does not exist, skipping

NOTICE:  table "frs_clusters_ch" does not exist, skipping

NOTICE:  table "frs_clusters_co" does not exist, skipping

NOTICE:  table "frs_clusters_sk" does not exist, skipping

NOTICE:  table "frs_qual_spawn_sk" does not exist, skipping

NOTICE:  table "frs_trace_lfid_sk" does not exist, skipping

NOTICE:  table "frs_clusters_st" does not exist, skipping

NOTICE:  schema "fresh" already exists, skipping

NOTICE:  relation "streams" already exists, skipping

NOTICE:  relation "streams_wsg_idx" already exists, skipping

NOTICE:  relation "streams_blk_idx" already exists, skipping

NOTICE:  relation "streams_geom_idx" already exists, skipping

NOTICE:  relation "streams_wbk_idx" already exists, skipping

NOTICE:  relation "streams_wscode_gist_idx" already exists, skipping

NOTICE:  relation "streams_wscode_btree_idx" already exists, skipping

NOTICE:  relation "streams_localcode_gist_idx" already exists, skipping

NOTICE:  relation "streams_localcode_btree_idx" already exists, skipping

NOTICE:  relation "streams_habitat_bt" already exists, skipping

NOTICE:  relation "streams_habitat_bt_wsg_idx" already exists, skipping

NOTICE:  relation "streams_habitat_ch" already exists, skipping

NOTICE:  relation "streams_habitat_ch_wsg_idx" already exists, skipping

NOTICE:  relation "streams_habitat_cm" already exists, skipping

NOTICE:  relation "streams_habitat_cm_wsg_idx" already exists, skipping

NOTICE:  relation "streams_habitat_co" already exists, skipping

NOTICE:  relation "streams_habitat_co_wsg_idx" already exists, skipping

NOTICE:  relation "streams_habitat_pk" already exists, skipping

NOTICE:  relation "streams_habitat_pk_wsg_idx" already exists, skipping

NOTICE:  relation "streams_habitat_sk" already exists, skipping

NOTICE:  relation "streams_habitat_sk_wsg_idx" already exists, skipping

NOTICE:  relation "streams_habitat_st" already exists, skipping

NOTICE:  relation "streams_habitat_st_wsg_idx" already exists, skipping

NOTICE:  relation "streams_habitat_wct" already exists, skipping

NOTICE:  relation "streams_habitat_wct_wsg_idx" already exists, skipping

NOTICE:  relation "barriers" already exists, skipping

NOTICE:  relation "barriers_wsg_idx" already exists, skipping

NOTICE:  relation "barriers_blocks_idx" already exists, skipping

NOTICE:  relation "barriers_source_idx" already exists, skipping

NOTICE:  relation "barriers_blk_drm_idx" already exists, skipping

NOTICE:  relation "barriers_geom_idx" already exists, skipping

NOTICE:  relation "barriers_wscode_gist_idx" already exists, skipping

NOTICE:  relation "barriers_wscode_btree_idx" already exists, skipping

NOTICE:  relation "barriers_localcode_gist_idx" already exists, skipping

NOTICE:  relation "barriers_localcode_btree_idx" already exists, skipping

NOTICE:  relation "barrier_overrides" already exists, skipping

NOTICE:  relation "barrier_overrides_wsg_idx" already exists, skipping

NOTICE:  relation "barrier_overrides_blk_drm_idx" already exists, skipping

NOTICE:  relation "streams_access" already exists, skipping

NOTICE:  relation "streams_access_wsg_idx" already exists, skipping

NOTICE:  relation "streams_mapping_code" already exists, skipping

NOTICE:  relation "streams_mapping_code_wsg_idx" already exists, skipping

NOTICE:  table "barriers" does not exist, skipping

NOTICE:  view "barriers_bt_unified" does not exist, skipping

NOTICE:  view "barriers_bt_access" does not exist, skipping

NOTICE:  view "barriers_ch_unified" does not exist, skipping

NOTICE:  view "barriers_ch_access" does not exist, skipping

NOTICE:  view "barriers_co_unified" does not exist, skipping

NOTICE:  view "barriers_co_access" does not exist, skipping

NOTICE:  view "barriers_sk_unified" does not exist, skipping

NOTICE:  view "barriers_sk_access" does not exist, skipping

NOTICE:  view "barriers_st_unified" does not exist, skipping

NOTICE:  view "barriers_st_access" does not exist, skipping

NOTICE:  view "barriers_anthropogenic_unified" does not exist, skipping

NOTICE:  view "barriers_pscis_unified" does not exist, skipping

NOTICE:  view "barriers_dams_unified" does not exist, skipping

[wsg_run_one] USKE done in 3.9 min (persist=fresh)
Warning messages:
1: In st_read.DBIObject(conn, query = query) :
  Could not find a simple features geometry column. Will return a `data.frame`.
2: In st_read.DBIObject(conn, query = query) :
  Could not find a simple features geometry column. Will return a `data.frame`.
3: In st_read.DBIObject(conn, query = query) :
  Could not find a simple features geometry column. Will return a `data.frame`.
4: In st_read.DBIObject(conn, query = query) :
  Could not find a simple features geometry column. Will return a `data.frame`.
5: In st_read.DBIObject(conn, query = query) :
  Could not find a simple features geometry column. Will return a `data.frame`.
6: In st_read.DBIObject(conn, query = query) :
  Could not find a simple features geometry column. Will return a `data.frame`.
7: In st_read.DBIObject(conn, query = query) :
  Could not find a simple features geometry column. Will return a `data.frame`.
8: In st_read.DBIObject(conn, query = query) :
  Could not find a simple features geometry column. Will return a `data.frame`.
9: In st_read.DBIObject(conn, query = query) :
  Could not find a simple features geometry column. Will return a `data.frame`.
10: In st_read.DBIObject(conn, query = query) :
  Could not find a simple features geometry column. Will return a `data.frame`.
Warning message:
In read.table(file = file, header = header, sep = sep, quote = quote,  :
  incomplete final line found by readTableHeader on '/home/cypher/R/x86_64-pc-linux-gnu-library/4.6/link/extdata/configs/bcfishpass/overrides/cabd_blkey_xref.csv'
NOTICE:  schema "working_bulk" does not exist, skipping

NOTICE:  schema "working_bulk" does not exist, skipping

NOTICE:  schema "working_bulk" does not exist, skipping

NOTICE:  schema "working_bulk" does not exist, skipping

NOTICE:  schema "fresh" already exists, skipping

Override validation: working_bulk.pscis_fixes vs working_bulk.crossings
  Total overrides:  589
  Valid (matched):  521
  Orphans:          68  <-- not found in crossings
  Duplicates:       0
Updated 521 of 5568 rows (barrier_status)
NOTICE:  table "observations" does not exist, skipping

NOTICE:  table "streams_blk" does not exist, skipping

NOTICE:  table "gradient_barriers_raw" does not exist, skipping

NOTICE:  table "natural_barriers" does not exist, skipping

NOTICE:  table "barriers_subsurfaceflow" does not exist, skipping

NOTICE:  table "barrier_overrides" does not exist, skipping

NOTICE:  table "barriers_bt" does not exist, skipping

NOTICE:  table "barriers_bt_min" does not exist, skipping

NOTICE:  table "barriers_ch" does not exist, skipping

NOTICE:  table "barriers_ch_min" does not exist, skipping

NOTICE:  table "barriers_cm" does not exist, skipping

NOTICE:  table "barriers_cm_min" does not exist, skipping

NOTICE:  table "barriers_co" does not exist, skipping

NOTICE:  table "barriers_co_min" does not exist, skipping

NOTICE:  table "barriers_pk" does not exist, skipping

NOTICE:  table "barriers_pk_min" does not exist, skipping

NOTICE:  table "barriers_sk" does not exist, skipping

NOTICE:  table "barriers_sk_min" does not exist, skipping

NOTICE:  table "barriers_st" does not exist, skipping

NOTICE:  table "barriers_st_min" does not exist, skipping

NOTICE:  table "barriers_wct" does not exist, skipping

NOTICE:  table "barriers_wct_min" does not exist, skipping

NOTICE:  table "gradient_barriers_minimal" does not exist, skipping

NOTICE:  table "streams" does not exist, skipping

NOTICE:  table "streams_habitat" does not exist, skipping

NOTICE:  table "cabd_exclusions" does not exist, skipping

NOTICE:  table "cabd_blkey_xref" does not exist, skipping

NOTICE:  table "cabd_passability_status_updates" does not exist, skipping

NOTICE:  table "cabd_additions" does not exist, skipping

NOTICE:  table "cabd_dams_raw" does not exist, skipping

NOTICE:  table "dams" does not exist, skipping

NOTICE:  table "pscis_modelledcrossings_streams_xref" does not exist, skipping

NOTICE:  table "pscis_stream_candidates" does not exist, skipping

NOTICE:  table "pscis_streams_150m" does not exist, skipping

NOTICE:  table "pscis_picked" does not exist, skipping

NOTICE:  table "pscis" does not exist, skipping

NOTICE:  table "crossings_lookup" does not exist, skipping

NOTICE:  table "barriers_anthropogenic" does not exist, skipping

NOTICE:  table "barriers_pscis" does not exist, skipping

NOTICE:  table "barriers_dams" does not exist, skipping

NOTICE:  table "barriers_remediations" does not exist, skipping

NOTICE:  table "observations_breaks" does not exist, skipping

NOTICE:  table "habitat_endpoints" does not exist, skipping

NOTICE:  table "crossings_breaks" does not exist, skipping

NOTICE:  table "streams_breaks" does not exist, skipping

NOTICE:  relation "streams_id_segment_idx" already exists, skipping

NOTICE:  table "streams_acc_015" does not exist, skipping

NOTICE:  table "streams_acc_02" does not exist, skipping

NOTICE:  table "streams_acc_025" does not exist, skipping

NOTICE:  table "streams_acc_025_ovr_bt" does not exist, skipping

NOTICE:  table "streams_acc_015_ovr_ch" does not exist, skipping

NOTICE:  table "streams_acc_015_ovr_co" does not exist, skipping

NOTICE:  table "streams_acc_015_ovr_pk" does not exist, skipping

NOTICE:  table "streams_acc_015_ovr_sk" does not exist, skipping

NOTICE:  table "streams_acc_02_ovr_st" does not exist, skipping

NOTICE:  table "frs_clusters_bt" does not exist, skipping

NOTICE:  table "frs_clusters_ch" does not exist, skipping

NOTICE:  table "frs_clusters_co" does not exist, skipping

NOTICE:  table "frs_clusters_sk" does not exist, skipping

NOTICE:  table "frs_qual_spawn_sk" does not exist, skipping

NOTICE:  table "frs_trace_lfid_sk" does not exist, skipping

NOTICE:  table "frs_clusters_st" does not exist, skipping

NOTICE:  schema "fresh" already exists, skipping

NOTICE:  relation "streams" already exists, skipping

NOTICE:  relation "streams_wsg_idx" already exists, skipping

NOTICE:  relation "streams_blk_idx" already exists, skipping

NOTICE:  relation "streams_geom_idx" already exists, skipping

NOTICE:  relation "streams_wbk_idx" already exists, skipping

NOTICE:  relation "streams_wscode_gist_idx" already exists, skipping

NOTICE:  relation "streams_wscode_btree_idx" already exists, skipping

NOTICE:  relation "streams_localcode_gist_idx" already exists, skipping

NOTICE:  relation "streams_localcode_btree_idx" already exists, skipping

NOTICE:  relation "streams_habitat_bt" already exists, skipping

NOTICE:  relation "streams_habitat_bt_wsg_idx" already exists, skipping

NOTICE:  relation "streams_habitat_ch" already exists, skipping

NOTICE:  relation "streams_habitat_ch_wsg_idx" already exists, skipping

NOTICE:  relation "streams_habitat_cm" already exists, skipping

NOTICE:  relation "streams_habitat_cm_wsg_idx" already exists, skipping

NOTICE:  relation "streams_habitat_co" already exists, skipping

NOTICE:  relation "streams_habitat_co_wsg_idx" already exists, skipping

NOTICE:  relation "streams_habitat_pk" already exists, skipping

NOTICE:  relation "streams_habitat_pk_wsg_idx" already exists, skipping

NOTICE:  relation "streams_habitat_sk" already exists, skipping

NOTICE:  relation "streams_habitat_sk_wsg_idx" already exists, skipping

NOTICE:  relation "streams_habitat_st" already exists, skipping

NOTICE:  relation "streams_habitat_st_wsg_idx" already exists, skipping

NOTICE:  relation "streams_habitat_wct" already exists, skipping

NOTICE:  relation "streams_habitat_wct_wsg_idx" already exists, skipping

NOTICE:  relation "barriers" already exists, skipping

NOTICE:  relation "barriers_wsg_idx" already exists, skipping

NOTICE:  relation "barriers_blocks_idx" already exists, skipping

NOTICE:  relation "barriers_source_idx" already exists, skipping

NOTICE:  relation "barriers_blk_drm_idx" already exists, skipping

NOTICE:  relation "barriers_geom_idx" already exists, skipping

NOTICE:  relation "barriers_wscode_gist_idx" already exists, skipping

NOTICE:  relation "barriers_wscode_btree_idx" already exists, skipping

NOTICE:  relation "barriers_localcode_gist_idx" already exists, skipping

NOTICE:  relation "barriers_localcode_btree_idx" already exists, skipping

NOTICE:  relation "barrier_overrides" already exists, skipping

NOTICE:  relation "barrier_overrides_wsg_idx" already exists, skipping

NOTICE:  relation "barrier_overrides_blk_drm_idx" already exists, skipping

NOTICE:  relation "streams_access" already exists, skipping

NOTICE:  relation "streams_access_wsg_idx" already exists, skipping

NOTICE:  relation "streams_mapping_code" already exists, skipping

NOTICE:  relation "streams_mapping_code_wsg_idx" already exists, skipping

NOTICE:  table "barriers" does not exist, skipping

NOTICE:  view "barriers_bt_unified" does not exist, skipping

NOTICE:  view "barriers_bt_access" does not exist, skipping

NOTICE:  view "barriers_ch_unified" does not exist, skipping

NOTICE:  view "barriers_ch_access" does not exist, skipping

NOTICE:  view "barriers_co_unified" does not exist, skipping

NOTICE:  view "barriers_co_access" does not exist, skipping

NOTICE:  view "barriers_pk_unified" does not exist, skipping

NOTICE:  view "barriers_pk_access" does not exist, skipping

NOTICE:  view "barriers_sk_unified" does not exist, skipping

NOTICE:  view "barriers_sk_access" does not exist, skipping

NOTICE:  view "barriers_st_unified" does not exist, skipping

NOTICE:  view "barriers_st_access" does not exist, skipping

NOTICE:  view "barriers_anthropogenic_unified" does not exist, skipping

NOTICE:  view "barriers_pscis_unified" does not exist, skipping

NOTICE:  view "barriers_dams_unified" does not exist, skipping

[wsg_run_one] BULK done in 8.0 min (persist=fresh)
There were 11 warnings (use warnings() to see them)
Warning message:
In read.table(file = file, header = header, sep = sep, quote = quote,  :
  incomplete final line found by readTableHeader on '/home/cypher/R/x86_64-pc-linux-gnu-library/4.6/link/extdata/configs/bcfishpass/overrides/cabd_blkey_xref.csv'
NOTICE:  schema "working_morr" does not exist, skipping

NOTICE:  schema "working_morr" does not exist, skipping

NOTICE:  schema "working_morr" does not exist, skipping

NOTICE:  schema "working_morr" does not exist, skipping

NOTICE:  schema "fresh" already exists, skipping

Override validation: working_morr.pscis_fixes vs working_morr.crossings
  Total overrides:  1
  Valid (matched):  1
  Orphans:          0
  Duplicates:       0
Updated 1 of 1599 rows (barrier_status)
NOTICE:  table "barriers_definite" does not exist, skipping

NOTICE:  table "observations" does not exist, skipping

NOTICE:  table "streams_blk" does not exist, skipping

NOTICE:  table "gradient_barriers_raw" does not exist, skipping

NOTICE:  table "natural_barriers" does not exist, skipping

NOTICE:  table "barriers_subsurfaceflow" does not exist, skipping

NOTICE:  table "barrier_overrides" does not exist, skipping

NOTICE:  table "barriers_bt" does not exist, skipping

NOTICE:  table "barriers_bt_min" does not exist, skipping

NOTICE:  table "barriers_ch" does not exist, skipping

NOTICE:  table "barriers_ch_min" does not exist, skipping

NOTICE:  table "barriers_cm" does not exist, skipping

NOTICE:  table "barriers_cm_min" does not exist, skipping

NOTICE:  table "barriers_co" does not exist, skipping

NOTICE:  table "barriers_co_min" does not exist, skipping

NOTICE:  table "barriers_pk" does not exist, skipping

NOTICE:  table "barriers_pk_min" does not exist, skipping

NOTICE:  table "barriers_sk" does not exist, skipping

NOTICE:  table "barriers_sk_min" does not exist, skipping

NOTICE:  table "barriers_st" does not exist, skipping

NOTICE:  table "barriers_st_min" does not exist, skipping

NOTICE:  table "barriers_wct" does not exist, skipping

NOTICE:  table "barriers_wct_min" does not exist, skipping

NOTICE:  table "gradient_barriers_minimal" does not exist, skipping

NOTICE:  table "streams" does not exist, skipping

NOTICE:  table "streams_habitat" does not exist, skipping

NOTICE:  table "cabd_exclusions" does not exist, skipping

NOTICE:  table "cabd_blkey_xref" does not exist, skipping

NOTICE:  table "cabd_passability_status_updates" does not exist, skipping

NOTICE:  table "cabd_additions" does not exist, skipping

NOTICE:  table "cabd_dams_raw" does not exist, skipping

NOTICE:  table "dams" does not exist, skipping

NOTICE:  table "pscis_modelledcrossings_streams_xref" does not exist, skipping

NOTICE:  table "pscis_stream_candidates" does not exist, skipping

NOTICE:  table "pscis_streams_150m" does not exist, skipping

NOTICE:  table "pscis_picked" does not exist, skipping

NOTICE:  table "pscis" does not exist, skipping

NOTICE:  table "crossings_lookup" does not exist, skipping

NOTICE:  table "barriers_anthropogenic" does not exist, skipping

NOTICE:  table "barriers_pscis" does not exist, skipping

NOTICE:  table "barriers_dams" does not exist, skipping

NOTICE:  table "barriers_remediations" does not exist, skipping

NOTICE:  table "observations_breaks" does not exist, skipping

NOTICE:  table "habitat_endpoints" does not exist, skipping

NOTICE:  table "crossings_breaks" does not exist, skipping

NOTICE:  table "streams_breaks" does not exist, skipping

NOTICE:  relation "streams_id_segment_idx" already exists, skipping

NOTICE:  table "streams_acc_015" does not exist, skipping

NOTICE:  table "streams_acc_02" does not exist, skipping

NOTICE:  table "streams_acc_025" does not exist, skipping

NOTICE:  table "streams_acc_025_ovr_bt" does not exist, skipping

NOTICE:  table "frs_clusters_bt" does not exist, skipping

NOTICE:  table "frs_clusters_ch" does not exist, skipping

NOTICE:  table "frs_clusters_co" does not exist, skipping

NOTICE:  table "frs_clusters_sk" does not exist, skipping

NOTICE:  table "frs_qual_spawn_sk" does not exist, skipping

NOTICE:  table "frs_trace_lfid_sk" does not exist, skipping

NOTICE:  table "frs_clusters_st" does not exist, skipping

NOTICE:  schema "fresh" already exists, skipping

NOTICE:  relation "streams" already exists, skipping

NOTICE:  relation "streams_wsg_idx" already exists, skipping

NOTICE:  relation "streams_blk_idx" already exists, skipping

NOTICE:  relation "streams_geom_idx" already exists, skipping

NOTICE:  relation "streams_wbk_idx" already exists, skipping

NOTICE:  relation "streams_wscode_gist_idx" already exists, skipping

NOTICE:  relation "streams_wscode_btree_idx" already exists, skipping

NOTICE:  relation "streams_localcode_gist_idx" already exists, skipping

NOTICE:  relation "streams_localcode_btree_idx" already exists, skipping

NOTICE:  relation "streams_habitat_bt" already exists, skipping

NOTICE:  relation "streams_habitat_bt_wsg_idx" already exists, skipping

NOTICE:  relation "streams_habitat_ch" already exists, skipping

NOTICE:  relation "streams_habitat_ch_wsg_idx" already exists, skipping

NOTICE:  relation "streams_habitat_cm" already exists, skipping

NOTICE:  relation "streams_habitat_cm_wsg_idx" already exists, skipping

NOTICE:  relation "streams_habitat_co" already exists, skipping

NOTICE:  relation "streams_habitat_co_wsg_idx" already exists, skipping

NOTICE:  relation "streams_habitat_pk" already exists, skipping

NOTICE:  relation "streams_habitat_pk_wsg_idx" already exists, skipping

NOTICE:  relation "streams_habitat_sk" already exists, skipping

NOTICE:  relation "streams_habitat_sk_wsg_idx" already exists, skipping

NOTICE:  relation "streams_habitat_st" already exists, skipping

NOTICE:  relation "streams_habitat_st_wsg_idx" already exists, skipping

NOTICE:  relation "streams_habitat_wct" already exists, skipping

NOTICE:  relation "streams_habitat_wct_wsg_idx" already exists, skipping

NOTICE:  relation "barriers" already exists, skipping

NOTICE:  relation "barriers_wsg_idx" already exists, skipping

NOTICE:  relation "barriers_blocks_idx" already exists, skipping

NOTICE:  relation "barriers_source_idx" already exists, skipping

NOTICE:  relation "barriers_blk_drm_idx" already exists, skipping

NOTICE:  relation "barriers_geom_idx" already exists, skipping

NOTICE:  relation "barriers_wscode_gist_idx" already exists, skipping

NOTICE:  relation "barriers_wscode_btree_idx" already exists, skipping

NOTICE:  relation "barriers_localcode_gist_idx" already exists, skipping

NOTICE:  relation "barriers_localcode_btree_idx" already exists, skipping

NOTICE:  relation "barrier_overrides" already exists, skipping

NOTICE:  relation "barrier_overrides_wsg_idx" already exists, skipping

NOTICE:  relation "barrier_overrides_blk_drm_idx" already exists, skipping

NOTICE:  relation "streams_access" already exists, skipping

NOTICE:  relation "streams_access_wsg_idx" already exists, skipping

NOTICE:  relation "streams_mapping_code" already exists, skipping

NOTICE:  relation "streams_mapping_code_wsg_idx" already exists, skipping

NOTICE:  table "barriers" does not exist, skipping

NOTICE:  view "barriers_bt_unified" does not exist, skipping

NOTICE:  view "barriers_bt_access" does not exist, skipping

NOTICE:  view "barriers_ch_unified" does not exist, skipping

NOTICE:  view "barriers_ch_access" does not exist, skipping

NOTICE:  view "barriers_co_unified" does not exist, skipping

NOTICE:  view "barriers_co_access" does not exist, skipping

NOTICE:  view "barriers_pk_unified" does not exist, skipping

NOTICE:  view "barriers_pk_access" does not exist, skipping

NOTICE:  view "barriers_sk_unified" does not exist, skipping

NOTICE:  view "barriers_sk_access" does not exist, skipping

NOTICE:  view "barriers_st_unified" does not exist, skipping

NOTICE:  view "barriers_st_access" does not exist, skipping

NOTICE:  view "barriers_anthropogenic_unified" does not exist, skipping

NOTICE:  view "barriers_pscis_unified" does not exist, skipping

NOTICE:  view "barriers_dams_unified" does not exist, skipping

[wsg_run_one] MORR done in 4.2 min (persist=fresh)
There were 11 warnings (use warnings() to see them)
Warning message:
In read.table(file = file, header = header, sep = sep, quote = quote,  :
  incomplete final line found by readTableHeader on '/home/cypher/R/x86_64-pc-linux-gnu-library/4.6/link/extdata/configs/bcfishpass/overrides/cabd_blkey_xref.csv'
NOTICE:  schema "working_zymo" does not exist, skipping

NOTICE:  schema "working_zymo" does not exist, skipping

NOTICE:  schema "working_zymo" does not exist, skipping

NOTICE:  schema "working_zymo" does not exist, skipping

NOTICE:  schema "fresh" already exists, skipping

NOTICE:  table "barriers_definite" does not exist, skipping

NOTICE:  table "observations" does not exist, skipping

NOTICE:  table "streams_blk" does not exist, skipping

NOTICE:  table "gradient_barriers_raw" does not exist, skipping

NOTICE:  table "natural_barriers" does not exist, skipping

NOTICE:  table "barriers_subsurfaceflow" does not exist, skipping

NOTICE:  table "barrier_overrides" does not exist, skipping

NOTICE:  table "barriers_bt" does not exist, skipping

NOTICE:  table "barriers_bt_min" does not exist, skipping

NOTICE:  table "barriers_ch" does not exist, skipping

NOTICE:  table "barriers_ch_min" does not exist, skipping

NOTICE:  table "barriers_cm" does not exist, skipping

NOTICE:  table "barriers_cm_min" does not exist, skipping

NOTICE:  table "barriers_co" does not exist, skipping

NOTICE:  table "barriers_co_min" does not exist, skipping

NOTICE:  table "barriers_pk" does not exist, skipping

NOTICE:  table "barriers_pk_min" does not exist, skipping

NOTICE:  table "barriers_sk" does not exist, skipping

NOTICE:  table "barriers_sk_min" does not exist, skipping

NOTICE:  table "barriers_st" does not exist, skipping

NOTICE:  table "barriers_st_min" does not exist, skipping

NOTICE:  table "barriers_wct" does not exist, skipping

NOTICE:  table "barriers_wct_min" does not exist, skipping

NOTICE:  table "gradient_barriers_minimal" does not exist, skipping

NOTICE:  table "streams" does not exist, skipping

NOTICE:  table "streams_habitat" does not exist, skipping

NOTICE:  table "cabd_exclusions" does not exist, skipping

NOTICE:  table "cabd_blkey_xref" does not exist, skipping

NOTICE:  table "cabd_passability_status_updates" does not exist, skipping

NOTICE:  table "cabd_additions" does not exist, skipping

NOTICE:  table "cabd_dams_raw" does not exist, skipping

NOTICE:  table "dams" does not exist, skipping

NOTICE:  table "pscis_modelledcrossings_streams_xref" does not exist, skipping

NOTICE:  table "pscis_stream_candidates" does not exist, skipping

NOTICE:  table "pscis_streams_150m" does not exist, skipping

NOTICE:  table "pscis_picked" does not exist, skipping

NOTICE:  table "pscis" does not exist, skipping

NOTICE:  table "crossings_lookup" does not exist, skipping

NOTICE:  table "barriers_anthropogenic" does not exist, skipping

NOTICE:  table "barriers_pscis" does not exist, skipping

NOTICE:  table "barriers_dams" does not exist, skipping

NOTICE:  table "barriers_remediations" does not exist, skipping

NOTICE:  table "observations_breaks" does not exist, skipping

NOTICE:  table "habitat_endpoints" does not exist, skipping

NOTICE:  table "crossings_breaks" does not exist, skipping

NOTICE:  table "streams_breaks" does not exist, skipping

NOTICE:  relation "streams_id_segment_idx" already exists, skipping

NOTICE:  table "streams_acc_015" does not exist, skipping

NOTICE:  table "streams_acc_02" does not exist, skipping

NOTICE:  table "streams_acc_025" does not exist, skipping

NOTICE:  table "streams_acc_025_ovr_bt" does not exist, skipping

NOTICE:  table "frs_clusters_bt" does not exist, skipping

NOTICE:  table "frs_clusters_ch" does not exist, skipping

NOTICE:  table "frs_clusters_co" does not exist, skipping

NOTICE:  table "frs_clusters_st" does not exist, skipping

NOTICE:  schema "fresh" already exists, skipping

NOTICE:  relation "streams" already exists, skipping

NOTICE:  relation "streams_wsg_idx" already exists, skipping

NOTICE:  relation "streams_blk_idx" already exists, skipping

NOTICE:  relation "streams_geom_idx" already exists, skipping

NOTICE:  relation "streams_wbk_idx" already exists, skipping

NOTICE:  relation "streams_wscode_gist_idx" already exists, skipping

NOTICE:  relation "streams_wscode_btree_idx" already exists, skipping

NOTICE:  relation "streams_localcode_gist_idx" already exists, skipping

NOTICE:  relation "streams_localcode_btree_idx" already exists, skipping

NOTICE:  relation "streams_habitat_bt" already exists, skipping

NOTICE:  relation "streams_habitat_bt_wsg_idx" already exists, skipping

NOTICE:  relation "streams_habitat_ch" already exists, skipping

NOTICE:  relation "streams_habitat_ch_wsg_idx" already exists, skipping

NOTICE:  relation "streams_habitat_cm" already exists, skipping

NOTICE:  relation "streams_habitat_cm_wsg_idx" already exists, skipping

NOTICE:  relation "streams_habitat_co" already exists, skipping

NOTICE:  relation "streams_habitat_co_wsg_idx" already exists, skipping

NOTICE:  relation "streams_habitat_pk" already exists, skipping

NOTICE:  relation "streams_habitat_pk_wsg_idx" already exists, skipping

NOTICE:  relation "streams_habitat_sk" already exists, skipping

NOTICE:  relation "streams_habitat_sk_wsg_idx" already exists, skipping

NOTICE:  relation "streams_habitat_st" already exists, skipping

NOTICE:  relation "streams_habitat_st_wsg_idx" already exists, skipping

NOTICE:  relation "streams_habitat_wct" already exists, skipping

NOTICE:  relation "streams_habitat_wct_wsg_idx" already exists, skipping

NOTICE:  relation "barriers" already exists, skipping

NOTICE:  relation "barriers_wsg_idx" already exists, skipping

NOTICE:  relation "barriers_blocks_idx" already exists, skipping

NOTICE:  relation "barriers_source_idx" already exists, skipping

NOTICE:  relation "barriers_blk_drm_idx" already exists, skipping

NOTICE:  relation "barriers_geom_idx" already exists, skipping

NOTICE:  relation "barriers_wscode_gist_idx" already exists, skipping

NOTICE:  relation "barriers_wscode_btree_idx" already exists, skipping

NOTICE:  relation "barriers_localcode_gist_idx" already exists, skipping

NOTICE:  relation "barriers_localcode_btree_idx" already exists, skipping

NOTICE:  relation "barrier_overrides" already exists, skipping

NOTICE:  relation "barrier_overrides_wsg_idx" already exists, skipping

NOTICE:  relation "barrier_overrides_blk_drm_idx" already exists, skipping

NOTICE:  relation "streams_access" already exists, skipping

NOTICE:  relation "streams_access_wsg_idx" already exists, skipping

NOTICE:  relation "streams_mapping_code" already exists, skipping

NOTICE:  relation "streams_mapping_code_wsg_idx" already exists, skipping

NOTICE:  table "barriers" does not exist, skipping

NOTICE:  view "barriers_bt_unified" does not exist, skipping

NOTICE:  view "barriers_bt_access" does not exist, skipping

NOTICE:  view "barriers_ch_unified" does not exist, skipping

NOTICE:  view "barriers_ch_access" does not exist, skipping

NOTICE:  view "barriers_co_unified" does not exist, skipping

NOTICE:  view "barriers_co_access" does not exist, skipping

NOTICE:  view "barriers_st_unified" does not exist, skipping

NOTICE:  view "barriers_st_access" does not exist, skipping

NOTICE:  view "barriers_anthropogenic_unified" does not exist, skipping

NOTICE:  view "barriers_pscis_unified" does not exist, skipping

NOTICE:  view "barriers_dams_unified" does not exist, skipping

Warning messages:
1: In st_read.DBIObject(conn, query = query) :
  Could not find a simple features geometry column. Will return a `data.frame`.
2: In st_read.DBIObject(conn, query = query) :
  Could not find a simple features geometry column. Will return a `data.frame`.
3: In st_read.DBIObject(conn, query = query) :
  Could not find a simple features geometry column. Will return a `data.frame`.
4: [wsg_run_one] ZYMO done in 3.0 min (persist=fresh)
In st_read.DBIObject(conn, query = query) :
  Could not find a simple features geometry column. Will return a `data.frame`.
5: In st_read.DBIObject(conn, query = query) :
  Could not find a simple features geometry column. Will return a `data.frame`.
6: In st_read.DBIObject(conn, query = query) :
  Could not find a simple features geometry column. Will return a `data.frame`.
7: In st_read.DBIObject(conn, query = query) :
  Could not find a simple features geometry column. Will return a `data.frame`.
8: In st_read.DBIObject(conn, query = query) :
  Could not find a simple features geometry column. Will return a `data.frame`.
9: In st_read.DBIObject(conn, query = query) :
  Could not find a simple features geometry column. Will return a `data.frame`.
