[cypher_up] workspace: job2  (logs: /Users/airvine/Projects/repo/rtj/scripts/cypher/logs/202605250248_cypher_up_job2.txt)

OpenTofu used the selected providers to generate the following execution
plan. Resource actions are indicated with the following symbols:
  [32m+[0m create[0m

OpenTofu will perform the following actions:

[1m  # module.droplet.digitalocean_droplet.this[0m will be created
[0m  [32m+[0m[0m resource "digitalocean_droplet" "this" {
      [32m+[0m[0m backups              = false
      [32m+[0m[0m created_at           = (known after apply)
      [32m+[0m[0m disk                 = (known after apply)
      [32m+[0m[0m graceful_shutdown    = false
      [32m+[0m[0m id                   = (known after apply)
      [32m+[0m[0m image                = "228350154"
      [32m+[0m[0m ipv4_address         = (known after apply)
      [32m+[0m[0m ipv4_address_private = (known after apply)
      [32m+[0m[0m ipv6                 = false
      [32m+[0m[0m ipv6_address         = (known after apply)
      [32m+[0m[0m locked               = (known after apply)
      [32m+[0m[0m memory               = (known after apply)
      [32m+[0m[0m monitoring           = false
      [32m+[0m[0m name                 = "cypher-job2"
      [32m+[0m[0m price_hourly         = (known after apply)
      [32m+[0m[0m price_monthly        = (known after apply)
      [32m+[0m[0m private_networking   = (known after apply)
      [32m+[0m[0m public_networking    = (known after apply)
      [32m+[0m[0m region               = "sfo3"
      [32m+[0m[0m resize_disk          = true
      [32m+[0m[0m size                 = "s-8vcpu-32gb-amd"
      [32m+[0m[0m ssh_keys             = [
          [32m+[0m[0m "53795424",
          [32m+[0m[0m "56433424",
        ]
      [32m+[0m[0m status               = (known after apply)
      [32m+[0m[0m tags                 = [
          [32m+[0m[0m "compute",
          [32m+[0m[0m "cypher",
          [32m+[0m[0m "dev",
          [32m+[0m[0m "job2",
        ]
      [32m+[0m[0m urn                  = (known after apply)
      [32m+[0m[0m user_data            = (sensitive value)
      [32m+[0m[0m vcpus                = (known after apply)
      [32m+[0m[0m volume_ids           = (known after apply)
      [32m+[0m[0m vpc_uuid             = (known after apply)
    }

[1m  # module.droplet.digitalocean_firewall.this[0][0m will be created
[0m  [32m+[0m[0m resource "digitalocean_firewall" "this" {
      [32m+[0m[0m created_at      = (known after apply)
      [32m+[0m[0m droplet_ids     = (known after apply)
      [32m+[0m[0m id              = (known after apply)
      [32m+[0m[0m name            = "cypher-job2-fw"
      [32m+[0m[0m pending_changes = (known after apply)
      [32m+[0m[0m status          = (known after apply)

      [32m+[0m[0m inbound_rule {
          [32m+[0m[0m port_range                = "22"
          [32m+[0m[0m protocol                  = "tcp"
          [32m+[0m[0m source_addresses          = [
              [32m+[0m[0m "0.0.0.0/0",
            ]
          [32m+[0m[0m source_droplet_ids        = []
          [32m+[0m[0m source_kubernetes_ids     = []
          [32m+[0m[0m source_load_balancer_uids = []
          [32m+[0m[0m source_tags               = []
        }
      [32m+[0m[0m inbound_rule {
          [32m+[0m[0m port_range                = "41641"
          [32m+[0m[0m protocol                  = "udp"
          [32m+[0m[0m source_addresses          = [
              [32m+[0m[0m "0.0.0.0/0",
              [32m+[0m[0m "::/0",
            ]
          [32m+[0m[0m source_droplet_ids        = []
          [32m+[0m[0m source_kubernetes_ids     = []
          [32m+[0m[0m source_load_balancer_uids = []
          [32m+[0m[0m source_tags               = []
        }

      [32m+[0m[0m outbound_rule {
          [32m+[0m[0m destination_addresses          = [
              [32m+[0m[0m "0.0.0.0/0",
              [32m+[0m[0m "::/0",
            ]
          [32m+[0m[0m destination_droplet_ids        = []
          [32m+[0m[0m destination_kubernetes_ids     = []
          [32m+[0m[0m destination_load_balancer_uids = []
          [32m+[0m[0m destination_tags               = []
          [32m+[0m[0m protocol                       = "icmp"
        }
      [32m+[0m[0m outbound_rule {
          [32m+[0m[0m destination_addresses          = [
              [32m+[0m[0m "0.0.0.0/0",
              [32m+[0m[0m "::/0",
            ]
          [32m+[0m[0m destination_droplet_ids        = []
          [32m+[0m[0m destination_kubernetes_ids     = []
          [32m+[0m[0m destination_load_balancer_uids = []
          [32m+[0m[0m destination_tags               = []
          [32m+[0m[0m port_range                     = "1-65535"
          [32m+[0m[0m protocol                       = "tcp"
        }
      [32m+[0m[0m outbound_rule {
          [32m+[0m[0m destination_addresses          = [
              [32m+[0m[0m "0.0.0.0/0",
              [32m+[0m[0m "::/0",
            ]
          [32m+[0m[0m destination_droplet_ids        = []
          [32m+[0m[0m destination_kubernetes_ids     = []
          [32m+[0m[0m destination_load_balancer_uids = []
          [32m+[0m[0m destination_tags               = []
          [32m+[0m[0m port_range                     = "1-65535"
          [32m+[0m[0m protocol                       = "udp"
        }
    }

[1mPlan:[0m 2 to add, 0 to change, 0 to destroy.
[0m
Changes to Outputs:
  [32m+[0m[0m droplet_id   = (known after apply)
  [32m+[0m[0m droplet_ip   = (known after apply)
  [32m+[0m[0m tailnet_name = "cypher-job2"
[0m[1mmodule.droplet.digitalocean_droplet.this: Creating...[0m[0m
[0m[1mmodule.droplet.digitalocean_droplet.this: Still creating... [10s elapsed][0m[0m
[0m[1mmodule.droplet.digitalocean_droplet.this: Still creating... [20s elapsed][0m[0m
[0m[1mmodule.droplet.digitalocean_droplet.this: Still creating... [30s elapsed][0m[0m
[0m[1mmodule.droplet.digitalocean_droplet.this: Still creating... [40s elapsed][0m[0m
[0m[1mmodule.droplet.digitalocean_droplet.this: Still creating... [50s elapsed][0m[0m
[0m[1mmodule.droplet.digitalocean_droplet.this: Still creating... [1m0s elapsed][0m[0m
[0m[1mmodule.droplet.digitalocean_droplet.this: Still creating... [1m10s elapsed][0m[0m
[0m[1mmodule.droplet.digitalocean_droplet.this: Still creating... [1m20s elapsed][0m[0m
[0m[1mmodule.droplet.digitalocean_droplet.this: Still creating... [1m30s elapsed][0m[0m
[0m[1mmodule.droplet.digitalocean_droplet.this: Still creating... [1m40s elapsed][0m[0m
[0m[1mmodule.droplet.digitalocean_droplet.this: Still creating... [1m50s elapsed][0m[0m
[0m[1mmodule.droplet.digitalocean_droplet.this: Still creating... [2m0s elapsed][0m[0m
[0m[1mmodule.droplet.digitalocean_droplet.this: Still creating... [2m10s elapsed][0m[0m
[0m[1mmodule.droplet.digitalocean_droplet.this: Creation complete after 2m17s [id=573069790][0m
[0m[1mmodule.droplet.digitalocean_firewall.this[0]: Creating...[0m[0m
[0m[1mmodule.droplet.digitalocean_firewall.this[0]: Creation complete after 1s [id=33506af4-d6b6-4732-adc3-e1319a77f1e3][0m
[0m[1m[32m
Apply complete! Resources: 2 added, 0 changed, 0 destroyed.
[0m[0m[1m[32m
Outputs:

[0mdroplet_id = "573069790"
droplet_ip = "147.182.233.162"
tailnet_name = "cypher-job2"

[cypher_up] droplet IP: 147.182.233.162 (id: 573069790)
[cypher_up] waiting for cloud-init to finish (up to 20 min for cold first build)...
[cypher_up] cloud-init complete

[cypher_up] ready
  ssh cypher@147.182.233.162  # direct droplet IP (no reserved IP for named workspaces)

Next:
  scripts/cypher/cypher_run.sh --workspace job2 <workload>
  scripts/cypher/cypher_down.sh --workspace job2  # full destroy
