[1] 0
[1] 0
Warning message:
In read.table(file = file, header = header, sep = sep, quote = quote,  :
  incomplete final line found by readTableHeader on '/Users/airvine/Projects/repo/link/inst/extdata/configs/bcfishpass/overrides/cabd_blkey_xref.csv'
NOTICE:  view "barriers_ch_unified" does not exist, skipping

NOTICE:  view "barriers_ch_access" does not exist, skipping

NOTICE:  view "barriers_co_unified" does not exist, skipping

NOTICE:  view "barriers_co_access" does not exist, skipping

NOTICE:  view "barriers_sk_unified" does not exist, skipping

NOTICE:  view "barriers_sk_access" does not exist, skipping

NOTICE:  table "zz_lnk_streams_bbar" does not exist, skipping

Warning messages:
1: In st_read.DBIObject(conn, query = query) :
  Could not find a simple features geometry column. Will return a `data.frame`.
2: In st_read.DBIObject(conn, query = query) :
  Could not find a simple features geometry column. Will return a `data.frame`.
3: In st_read.DBIObject(conn, query = query) :
  Could not find a simple features geometry column. Will return a `data.frame`.
4: In st_read.DBIObject(conn, query = query) :
  Could not find a simple features geometry column. Will return a `data.frame`.
5: In st_read.DBIObject(conn, query = query) :
  Could not find a simple features geometry column. Will return a `data.frame`.
6: In st_read.DBIObject(conn, query = query) :
  Could not find a simple features geometry column. Will return a `data.frame`.
7: In st_read.DBIObject(conn, query = query) :
  Could not find a simple features geometry column. Will return a `data.frame`.
# A tibble: 24,165 × 5
   id_segment mapping_code_bt mapping_code_ch mapping_code_co mapping_code_sk
        <int> <chr>           <chr>           <chr>           <chr>          
 1       9688 ""              ""              ""              ""             
 2       3045 ""              ""              ""              ""             
 3      16974 ""              ""              ""              ""             
 4      16975 ""              ""              ""              ""             
 5      16976 ""              ""              ""              ""             
 6      16977 ""              ""              ""              ""             
 7      16978 ""              ""              ""              ""             
 8      16979 ""              ""              ""              ""             
 9      16980 ""              ""              ""              ""             
10      16989 ""              ""              ""              ""             
# ℹ 24,155 more rows
[1] 24165
[wsg_recompute_one] BBAR recomputed in 1.46 min (persist=fresh)
[1] 0
[1] 0
Warning message:
In read.table(file = file, header = header, sep = sep, quote = quote,  :
  incomplete final line found by readTableHeader on '/Users/airvine/Projects/repo/link/inst/extdata/configs/bcfishpass/overrides/cabd_blkey_xref.csv'
NOTICE:  view "barriers_pk_unified" does not exist, skipping

NOTICE:  view "barriers_pk_access" does not exist, skipping

NOTICE:  view "barriers_st_unified" does not exist, skipping

NOTICE:  view "barriers_st_access" does not exist, skipping

NOTICE:  table "zz_lnk_streams_bulk" does not exist, skipping

Warning messages:
1: In st_read.DBIObject(conn, query = query) :
  Could not find a simple features geometry column. Will return a `data.frame`.
2: In st_read.DBIObject(conn, query = query) :
  Could not find a simple features geometry column. Will return a `data.frame`.
3: In st_read.DBIObject(conn, query = query) :
  Could not find a simple features geometry column. Will return a `data.frame`.
4: In st_read.DBIObject(conn, query = query) :
  Could not find a simple features geometry column. Will return a `data.frame`.
5: In st_read.DBIObject(conn, query = query) :
  Could not find a simple features geometry column. Will return a `data.frame`.
6: In st_read.DBIObject(conn, query = query) :
  Could not find a simple features geometry column. Will return a `data.frame`.
7: In st_read.DBIObject(conn, query = query) :
  Could not find a simple features geometry column. Will return a `data.frame`.
8: In st_read.DBIObject(conn, query = query) :
  Could not find a simple features geometry column. Will return a `data.frame`.
9: In st_read.DBIObject(conn, query = query) :
  Could not find a simple features geometry column. Will return a `data.frame`.
# A tibble: 42,861 × 7
   id_segment mapping_code_bt    mapping_code_ch mapping_code_co mapping_code_pk
        <int> <chr>              <chr>           <chr>           <chr>          
 1      42783 ACCESS;NONE;INTER… ACCESS;NONE;IN… ACCESS;NONE;IN… ACCESS;NONE;IN…
 2      41412 SPAWN;NONE         SPAWN;NONE      SPAWN;NONE      SPAWN;NONE     
 3      41413 SPAWN;NONE         SPAWN;NONE      SPAWN;NONE      SPAWN;NONE     
 4      41414 SPAWN;NONE         SPAWN;NONE      SPAWN;NONE      SPAWN;NONE     
 5      41415 SPAWN;NONE         SPAWN;NONE      SPAWN;NONE      SPAWN;NONE     
 6      41464 SPAWN;NONE         SPAWN;NONE      SPAWN;NONE      SPAWN;NONE     
 7      41552 SPAWN;ASSESSED     SPAWN;ASSESSED  SPAWN;ASSESSED  SPAWN;ASSESSED 
 8      41465 SPAWN;NONE         SPAWN;NONE      SPAWN;NONE      SPAWN;NONE     
 9      41466 SPAWN;NONE         SPAWN;NONE      SPAWN;NONE      SPAWN;NONE     
10      41467 SPAWN;NONE         SPAWN;NONE      SPAWN;NONE      SPAWN;NONE     
# ℹ 42,851 more rows
# ℹ 2 more variables: mapping_code_sk <chr>, mapping_code_st <chr>
[1] 42861
[wsg_recompute_one] BULK recomputed in 1.47 min (persist=fresh)
[1] 0
[1] 0
Warning message:
In read.table(file = file, header = header, sep = sep, quote = quote,  :
  incomplete final line found by readTableHeader on '/Users/airvine/Projects/repo/link/inst/extdata/configs/bcfishpass/overrides/cabd_blkey_xref.csv'
NOTICE:  table "zz_lnk_streams_carp" does not exist, skipping

Warning messages:
1: In st_read.DBIObject(conn, query = query) :
  Could not find a simple features geometry column. Will return a `data.frame`.
2: In st_read.DBIObject(conn, query = query) :
  Could not find a simple features geometry column. Will return a `data.frame`.
3: In st_read.DBIObject(conn, query = query) :
  Could not find a simple features geometry column. Will return a `data.frame`.
4: In st_read.DBIObject(conn, query = query) :
  Could not find a simple features geometry column. Will return a `data.frame`.
# A tibble: 17,420 × 2
   id_segment mapping_code_bt               
        <int> <chr>                         
 1      15268 "ACCESS;ASSESSED;INTERMITTENT"
 2      15269 "ACCESS;ASSESSED"             
 3      15309 ""                            
 4      15270 "ACCESS;ASSESSED"             
 5      15271 "ACCESS;ASSESSED"             
 6      15273 "ACCESS;ASSESSED;INTERMITTENT"
 7      15274 "ACCESS;ASSESSED;INTERMITTENT"
 8      15275 "ACCESS;ASSESSED;INTERMITTENT"
 9      15277 "REAR;DAM"                    
10      15278 "ACCESS;DAM"                  
# ℹ 17,410 more rows
[1] 17420
[wsg_recompute_one] CARP recomputed in 0.11 min (persist=fresh)
[1] 0
[1] 0
Warning message:
In read.table(file = file, header = header, sep = sep, quote = quote,  :
  incomplete final line found by readTableHeader on '/Users/airvine/Projects/repo/link/inst/extdata/configs/bcfishpass/overrides/cabd_blkey_xref.csv'
NOTICE:  table "zz_lnk_streams_ches" does not exist, skipping

Warning messages:
1: In st_read.DBIObject(conn, query = query) :
  Could not find a simple features geometry column. Will return a `data.frame`.
2: In st_read.DBIObject(conn, query = query) :
  Could not find a simple features geometry column. Will return a `data.frame`.
3: In st_read.DBIObject(conn, query = query) :
  Could not find a simple features geometry column. Will return a `data.frame`.
4: In st_read.DBIObject(conn, query = query) :
  Could not find a simple features geometry column. Will return a `data.frame`.
5: In st_read.DBIObject(conn, query = query) :
  Could not find a simple features geometry column. Will return a `data.frame`.
6: In st_read.DBIObject(conn, query = query) :
  Could not find a simple features geometry column. Will return a `data.frame`.
# A tibble: 9,332 × 4
   id_segment mapping_code_bt mapping_code_ch mapping_code_sk
        <int> <chr>           <chr>           <chr>          
 1       7599 "REAR;ASSESSED" ""              ""             
 2       7616 ""              ""              ""             
 3       7617 ""              ""              ""             
 4       7618 ""              ""              ""             
 5       7619 ""              ""              ""             
 6       7620 ""              ""              ""             
 7       7621 ""              ""              ""             
 8       7625 "ACCESS;NONE"   "ACCESS;NONE"   "ACCESS;NONE"  
 9       7626 "ACCESS;NONE"   "ACCESS;NONE"   "ACCESS;NONE"  
10       7627 "ACCESS;NONE"   "ACCESS;NONE"   "ACCESS;NONE"  
# ℹ 9,322 more rows
[1] 9332
[wsg_recompute_one] CHES recomputed in 0.40 min (persist=fresh)
[1] 0
[1] 0
Warning message:
In read.table(file = file, header = header, sep = sep, quote = quote,  :
  incomplete final line found by readTableHeader on '/Users/airvine/Projects/repo/link/inst/extdata/configs/bcfishpass/overrides/cabd_blkey_xref.csv'
NOTICE:  view "barriers_cm_unified" does not exist, skipping

NOTICE:  view "barriers_cm_access" does not exist, skipping

NOTICE:  table "zz_lnk_streams_chwk" does not exist, skipping

Warning messages:
1: In st_read.DBIObject(conn, query = query) :
  Could not find a simple features geometry column. Will return a `data.frame`.
2: In st_read.DBIObject(conn, query = query) :
  Could not find a simple features geometry column. Will return a `data.frame`.
3: In st_read.DBIObject(conn, query = query) :
  Could not find a simple features geometry column. Will return a `data.frame`.
4: In st_read.DBIObject(conn, query = query) :
  Could not find a simple features geometry column. Will return a `data.frame`.
5: In st_read.DBIObject(conn, query = query) :
  Could not find a simple features geometry column. Will return a `data.frame`.
6: In st_read.DBIObject(conn, query = query) :
  Could not find a simple features geometry column. Will return a `data.frame`.
7: In st_read.DBIObject(conn, query = query) :
  Could not find a simple features geometry column. Will return a `data.frame`.
8: In st_read.DBIObject(conn, query = query) :
  Could not find a simple features geometry column. Will return a `data.frame`.
9: In st_read.DBIObject(conn, query = query) :
  Could not find a simple features geometry column. Will return a `data.frame`.
10: In st_read.DBIObject(conn, query = query) :
  Could not find a simple features geometry column. Will return a `data.frame`.
# A tibble: 8,866 × 8
   id_segment mapping_code_bt mapping_code_ch mapping_code_cm mapping_code_co
        <int> <chr>           <chr>           <chr>           <chr>          
 1       6657 ""              ""              ""              ""             
 2       6660 ""              ""              ""              ""             
 3       6672 ""              ""              ""              ""             
 4       6706 "SPAWN;NONE"    "SPAWN;NONE"    "SPAWN;NONE"    "SPAWN;NONE"   
 5       6707 "SPAWN;NONE"    "SPAWN;NONE"    "SPAWN;NONE"    "SPAWN;NONE"   
 6       6708 "SPAWN;NONE"    "SPAWN;NONE"    "SPAWN;NONE"    "SPAWN;NONE"   
 7       6709 "SPAWN;NONE"    "SPAWN;NONE"    "SPAWN;NONE"    "SPAWN;NONE"   
 8       6710 "SPAWN;NONE"    "SPAWN;NONE"    "SPAWN;NONE"    "SPAWN;NONE"   
 9       6713 "SPAWN;NONE"    "REAR;NONE"     "SPAWN;NONE"    "SPAWN;NONE"   
10       6715 "SPAWN;NONE"    "REAR;NONE"     "SPAWN;NONE"    "SPAWN;NONE"   
# ℹ 8,856 more rows
# ℹ 3 more variables: mapping_code_pk <chr>, mapping_code_sk <chr>,
#   mapping_code_st <chr>
[1] 8866
[wsg_recompute_one] CHWK recomputed in 4.08 min (persist=fresh)
[1] 0
[1] 0
Warning message:
In read.table(file = file, header = header, sep = sep, quote = quote,  :
  incomplete final line found by readTableHeader on '/Users/airvine/Projects/repo/link/inst/extdata/configs/bcfishpass/overrides/cabd_blkey_xref.csv'
NOTICE:  table "zz_lnk_streams_cotr" does not exist, skipping

Warning messages:
1: In st_read.DBIObject(conn, query = query) :
  Could not find a simple features geometry column. Will return a `data.frame`.
2: In st_read.DBIObject(conn, query = query) :
  Could not find a simple features geometry column. Will return a `data.frame`.
3: In st_read.DBIObject(conn, query = query) :
  Could not find a simple features geometry column. Will return a `data.frame`.
4: In st_read.DBIObject(conn, query = query) :
  Could not find a simple features geometry column. Will return a `data.frame`.
5: In st_read.DBIObject(conn, query = query) :
  Could not find a simple features geometry column. Will return a `data.frame`.
6: In st_read.DBIObject(conn, query = query) :
  Could not find a simple features geometry column. Will return a `data.frame`.
7: In st_read.DBIObject(conn, query = query) :
  Could not find a simple features geometry column. Will return a `data.frame`.
# A tibble: 29,425 × 5
   id_segment mapping_code_bt    mapping_code_ch mapping_code_co mapping_code_pk
        <int> <chr>              <chr>           <chr>           <chr>          
 1      14299 "ACCESS;MODELLED;… ""              ""              ""             
 2      14302 "ACCESS;NONE"      ""              ""              ""             
 3      14303 "REAR;MODELLED"    ""              ""              ""             
 4      14304 "SPAWN;MODELLED"   ""              ""              ""             
 5      21226 "REAR;NONE"        "ACCESS;NONE"   "ACCESS;NONE"   "ACCESS;NONE"  
 6      21227 "SPAWN;MODELLED"   "ACCESS;MODELL… "SPAWN;MODELLE… "SPAWN;MODELLE…
 7      21260 "ACCESS;MODELLED"  "ACCESS;MODELL… "ACCESS;MODELL… "ACCESS;MODELL…
 8      14317 ""                 ""              ""              ""             
 9      14318 ""                 ""              ""              ""             
10      14319 ""                 ""              ""              ""             
# ℹ 29,415 more rows
[1] 29425
[wsg_recompute_one] COTR recomputed in 1.32 min (persist=fresh)
[1] 0
[1] 0
Warning message:
In read.table(file = file, header = header, sep = sep, quote = quote,  :
  incomplete final line found by readTableHeader on '/Users/airvine/Projects/repo/link/inst/extdata/configs/bcfishpass/overrides/cabd_blkey_xref.csv'
NOTICE:  table "zz_lnk_streams_crkd" does not exist, skipping

Warning messages:
1: In st_read.DBIObject(conn, query = query) :
  Could not find a simple features geometry column. Will return a `data.frame`.
2: In st_read.DBIObject(conn, query = query) :
  Could not find a simple features geometry column. Will return a `data.frame`.
3: In st_read.DBIObject(conn, query = query) :
  Could not find a simple features geometry column. Will return a `data.frame`.
4: In st_read.DBIObject(conn, query = query) :
  Could not find a simple features geometry column. Will return a `data.frame`.
# A tibble: 22,642 × 2
   id_segment mapping_code_bt             
        <int> <chr>                       
 1      11027 ACCESS;DAM;INTERMITTENT     
 2      22392 SPAWN;DAM                   
 3      22393 SPAWN;DAM                   
 4      22412 REAR;DAM                    
 5      22391 SPAWN;DAM                   
 6      11026 ACCESS;MODELLED             
 7      11064 ACCESS;ASSESSED             
 8      11028 ACCESS;MODELLED;INTERMITTENT
 9      13456 REAR;DAM                    
10      11031 ACCESS;ASSESSED;INTERMITTENT
# ℹ 22,632 more rows
[1] 22642
[wsg_recompute_one] CRKD recomputed in 0.14 min (persist=fresh)
[1] 0
[1] 0
Warning message:
In read.table(file = file, header = header, sep = sep, quote = quote,  :
  incomplete final line found by readTableHeader on '/Users/airvine/Projects/repo/link/inst/extdata/configs/bcfishpass/overrides/cabd_blkey_xref.csv'
NOTICE:  table "zz_lnk_streams_dogc" does not exist, skipping

Warning messages:
1: In st_read.DBIObject(conn, query = query) :
  Could not find a simple features geometry column. Will return a `data.frame`.
2: In st_read.DBIObject(conn, query = query) :
  Could not find a simple features geometry column. Will return a `data.frame`.
3: In st_read.DBIObject(conn, query = query) :
  Could not find a simple features geometry column. Will return a `data.frame`.
4: In st_read.DBIObject(conn, query = query) :
  Could not find a simple features geometry column. Will return a `data.frame`.
5: In st_read.DBIObject(conn, query = query) :
  Could not find a simple features geometry column. Will return a `data.frame`.
6: In st_read.DBIObject(conn, query = query) :
  Could not find a simple features geometry column. Will return a `data.frame`.
7: In st_read.DBIObject(conn, query = query) :
  Could not find a simple features geometry column. Will return a `data.frame`.
# A tibble: 13,535 × 5
   id_segment mapping_code_bt    mapping_code_ch mapping_code_co mapping_code_sk
        <int> <chr>              <chr>           <chr>           <chr>          
 1       1225 ""                 ""              ""              ""             
 2       1294 "ACCESS;NONE;INTE… ""              ""              ""             
 3       1229 ""                 ""              ""              ""             
 4       1230 ""                 ""              ""              ""             
 5       1238 "ACCESS;NONE;INTE… ""              ""              ""             
 6       1253 ""                 ""              ""              ""             
 7       1254 ""                 ""              ""              ""             
 8       1255 "ACCESS;MODELLED;… ""              ""              ""             
 9       1257 "ACCESS;MODELLED"  ""              ""              ""             
10       1514 "ACCESS;NONE;INTE… "ACCESS;NONE;I… "ACCESS;NONE;I… "ACCESS;NONE;I…
# ℹ 13,525 more rows
[1] 13535
[wsg_recompute_one] DOGC recomputed in 0.90 min (persist=fresh)
[1] 0
[1] 0
Warning message:
In read.table(file = file, header = header, sep = sep, quote = quote,  :
  incomplete final line found by readTableHeader on '/Users/airvine/Projects/repo/link/inst/extdata/configs/bcfishpass/overrides/cabd_blkey_xref.csv'
NOTICE:  table "zz_lnk_streams_fina" does not exist, skipping

Warning messages:
1: In st_read.DBIObject(conn, query = query) :
  Could not find a simple features geometry column. Will return a `data.frame`.
2: In st_read.DBIObject(conn, query = query) :
  Could not find a simple features geometry column. Will return a `data.frame`.
3: In st_read.DBIObject(conn, query = query) :
  Could not find a simple features geometry column. Will return a `data.frame`.
4: In st_read.DBIObject(conn, query = query) :
  Could not find a simple features geometry column. Will return a `data.frame`.
# A tibble: 26,094 × 2
   id_segment mapping_code_bt
        <int> <chr>          
 1       2966 ""             
 2      16418 ""             
 3      16534 "ACCESS;DAM"   
 4      17865 "SPAWN;DAM"    
 5         76 "REAR;DAM"     
 6        160 "REAR;DAM"     
 7       9848 "ACCESS;DAM"   
 8       9933 ""             
 9      23260 "REAR;MODELLED"
10        245 "REAR;DAM"     
# ℹ 26,084 more rows
[1] 26094
[wsg_recompute_one] FINA recomputed in 0.20 min (persist=fresh)
[1] 0
[1] 0
Warning message:
In read.table(file = file, header = header, sep = sep, quote = quote,  :
  incomplete final line found by readTableHeader on '/Users/airvine/Projects/repo/link/inst/extdata/configs/bcfishpass/overrides/cabd_blkey_xref.csv'
NOTICE:  table "zz_lnk_streams_finl" does not exist, skipping

Warning messages:
1: In st_read.DBIObject(conn, query = query) :
  Could not find a simple features geometry column. Will return a `data.frame`.
2: In st_read.DBIObject(conn, query = query) :
  Could not find a simple features geometry column. Will return a `data.frame`.
3: In st_read.DBIObject(conn, query = query) :
  Could not find a simple features geometry column. Will return a `data.frame`.
4: In st_read.DBIObject(conn, query = query) :
  Could not find a simple features geometry column. Will return a `data.frame`.
# A tibble: 43,850 × 2
   id_segment mapping_code_bt  
        <int> <chr>            
 1        460 "SPAWN;DAM"      
 2      26722 "SPAWN;DAM"      
 3      13205 ""               
 4       9242 ""               
 5        573 "SPAWN;DAM"      
 6        658 "ACCESS;DAM"     
 7      13887 "ACCESS;MODELLED"
 8       1512 ""               
 9        207 "SPAWN;DAM"      
10      10082 ""               
# ℹ 43,840 more rows
[1] 43850
[wsg_recompute_one] FINL recomputed in 0.22 min (persist=fresh)
[1] 0
[1] 0
Warning message:
In read.table(file = file, header = header, sep = sep, quote = quote,  :
  incomplete final line found by readTableHeader on '/Users/airvine/Projects/repo/link/inst/extdata/configs/bcfishpass/overrides/cabd_blkey_xref.csv'
NOTICE:  table "zz_lnk_streams_fire" does not exist, skipping

Warning messages:
1: In st_read.DBIObject(conn, query = query) :
  Could not find a simple features geometry column. Will return a `data.frame`.
2: In st_read.DBIObject(conn, query = query) :
  Could not find a simple features geometry column. Will return a `data.frame`.
3: In st_read.DBIObject(conn, query = query) :
  Could not find a simple features geometry column. Will return a `data.frame`.
4: In st_read.DBIObject(conn, query = query) :
  Could not find a simple features geometry column. Will return a `data.frame`.
# A tibble: 31,882 × 2
   id_segment mapping_code_bt
        <int> <chr>          
 1       5371 ""             
 2      14843 "ACCESS;DAM"   
 3      29273 "SPAWN;DAM"    
 4       4954 ""             
 5      24808 "SPAWN;DAM"    
 6      24810 "SPAWN;DAM"    
 7      24811 "SPAWN;DAM"    
 8      24812 "SPAWN;DAM"    
 9      24813 "SPAWN;DAM"    
10      24814 "REAR;DAM"     
# ℹ 31,872 more rows
[1] 31882
[wsg_recompute_one] FIRE recomputed in 0.20 min (persist=fresh)
[1] 0
[1] 0
Warning message:
In read.table(file = file, header = header, sep = sep, quote = quote,  :
  incomplete final line found by readTableHeader on '/Users/airvine/Projects/repo/link/inst/extdata/configs/bcfishpass/overrides/cabd_blkey_xref.csv'
NOTICE:  table "zz_lnk_streams_foxr" does not exist, skipping

Warning messages:
1: In st_read.DBIObject(conn, query = query) :
  Could not find a simple features geometry column. Will return a `data.frame`.
2: In st_read.DBIObject(conn, query = query) :
  Could not find a simple features geometry column. Will return a `data.frame`.
3: In st_read.DBIObject(conn, query = query) :
  Could not find a simple features geometry column. Will return a `data.frame`.
4: In st_read.DBIObject(conn, query = query) :
  Could not find a simple features geometry column. Will return a `data.frame`.
# A tibble: 30,429 × 2
   id_segment mapping_code_bt          
        <int> <chr>                    
 1      21306 ""                       
 2      14501 "ACCESS;DAM;INTERMITTENT"
 3      15483 ""                       
 4      16186 "ACCESS;DAM;INTERMITTENT"
 5      15952 "REAR;DAM;INTERMITTENT"  
 6      12597 "ACCESS;DAM;INTERMITTENT"
 7      13145 "ACCESS;DAM;INTERMITTENT"
 8      14016 "ACCESS;DAM"             
 9      17119 "ACCESS;DAM;INTERMITTENT"
10      17200 "ACCESS;DAM;INTERMITTENT"
# ℹ 30,419 more rows
[1] 30429
[wsg_recompute_one] FOXR recomputed in 0.19 min (persist=fresh)
[1] 0
[1] 0
Warning message:
In read.table(file = file, header = header, sep = sep, quote = quote,  :
  incomplete final line found by readTableHeader on '/Users/airvine/Projects/repo/link/inst/extdata/configs/bcfishpass/overrides/cabd_blkey_xref.csv'
NOTICE:  table "zz_lnk_streams_fran" does not exist, skipping

Warning messages:
1: In st_read.DBIObject(conn, query = query) :
  Could not find a simple features geometry column. Will return a `data.frame`.
2: In st_read.DBIObject(conn, query = query) :
  Could not find a simple features geometry column. Will return a `data.frame`.
3: In st_read.DBIObject(conn, query = query) :
  Could not find a simple features geometry column. Will return a `data.frame`.
4: In st_read.DBIObject(conn, query = query) :
  Could not find a simple features geometry column. Will return a `data.frame`.
5: In st_read.DBIObject(conn, query = query) :
  Could not find a simple features geometry column. Will return a `data.frame`.
6: In st_read.DBIObject(conn, query = query) :
  Could not find a simple features geometry column. Will return a `data.frame`.
# A tibble: 41,586 × 4
   id_segment mapping_code_bt                mapping_code_ch     mapping_code_sk
        <int> <chr>                          <chr>               <chr>          
 1      14059 "ACCESS;ASSESSED"              "ACCESS;ASSESSED"   "ACCESS;ASSESS…
 2      14060 "ACCESS;ASSESSED"              "ACCESS;ASSESSED"   "ACCESS;ASSESS…
 3      14061 "ACCESS;ASSESSED"              "ACCESS;ASSESSED"   "ACCESS;ASSESS…
 4      14062 "ACCESS;ASSESSED;INTERMITTENT" "ACCESS;ASSESSED;I… "ACCESS;ASSESS…
 5      14063 "ACCESS;ASSESSED;INTERMITTENT" ""                  ""             
 6      14064 "ACCESS;ASSESSED;INTERMITTENT" ""                  ""             
 7      14065 ""                             ""                  ""             
 8      14075 "ACCESS;NONE;INTERMITTENT"     ""                  ""             
 9      14076 ""                             ""                  ""             
10      14066 "REAR;MODELLED"                "ACCESS;MODELLED"   "ACCESS;MODELL…
# ℹ 41,576 more rows
[1] 41586
[wsg_recompute_one] FRAN recomputed in 1.08 min (persist=fresh)
[1] 0
[1] 0
Warning message:
In read.table(file = file, header = header, sep = sep, quote = quote,  :
  incomplete final line found by readTableHeader on '/Users/airvine/Projects/repo/link/inst/extdata/configs/bcfishpass/overrides/cabd_blkey_xref.csv'
NOTICE:  table "zz_lnk_streams_frcn" does not exist, skipping

Warning messages:
1: In st_read.DBIObject(conn, query = query) :
  Could not find a simple features geometry column. Will return a `data.frame`.
2: In st_read.DBIObject(conn, query = query) :
  Could not find a simple features geometry column. Will return a `data.frame`.
3: In st_read.DBIObject(conn, query = query) :
  Could not find a simple features geometry column. Will return a `data.frame`.
4: In st_read.DBIObject(conn, query = query) :
  Could not find a simple features geometry column. Will return a `data.frame`.
5: In st_read.DBIObject(conn, query = query) :
  Could not find a simple features geometry column. Will return a `data.frame`.
6: In st_read.DBIObject(conn, query = query) :
  Could not find a simple features geometry column. Will return a `data.frame`.
7: In st_read.DBIObject(conn, query = query) :
  Could not find a simple features geometry column. Will return a `data.frame`.
8: In st_read.DBIObject(conn, query = query) :
  Could not find a simple features geometry column. Will return a `data.frame`.
9: In st_read.DBIObject(conn, query = query) :
  Could not find a simple features geometry column. Will return a `data.frame`.
10: In st_read.DBIObject(conn, query = query) :
  Could not find a simple features geometry column. Will return a `data.frame`.
# A tibble: 28,989 × 8
   id_segment mapping_code_bt mapping_code_ch mapping_code_cm mapping_code_co
        <int> <chr>           <chr>           <chr>           <chr>          
 1      19410 ""              ""              ""              ""             
 2      19419 ""              ""              ""              ""             
 3      19713 "SPAWN;NONE"    ""              ""              ""             
 4      19714 "SPAWN;NONE"    ""              ""              ""             
 5      19715 "SPAWN;NONE"    ""              ""              ""             
 6      19716 "SPAWN;NONE"    ""              ""              ""             
 7      19717 "REAR;NONE"     ""              ""              ""             
 8      19727 "SPAWN;NONE"    ""              ""              ""             
 9      19736 "ACCESS;NONE"   ""              ""              ""             
10      19737 "ACCESS;NONE"   ""              ""              ""             
# ℹ 28,979 more rows
# ℹ 3 more variables: mapping_code_pk <chr>, mapping_code_sk <chr>,
#   mapping_code_st <chr>
[1] 28989
[wsg_recompute_one] FRCN recomputed in 4.11 min (persist=fresh)
[1] 0
[1] 0
Warning message:
In read.table(file = file, header = header, sep = sep, quote = quote,  :
  incomplete final line found by readTableHeader on '/Users/airvine/Projects/repo/link/inst/extdata/configs/bcfishpass/overrides/cabd_blkey_xref.csv'
NOTICE:  table "zz_lnk_streams_harr" does not exist, skipping

Warning messages:
1: In st_read.DBIObject(conn, query = query) :
  Could not find a simple features geometry column. Will return a `data.frame`.
2: In st_read.DBIObject(conn, query = query) :
  Could not find a simple features geometry column. Will return a `data.frame`.
3: In st_read.DBIObject(conn, query = query) :
  Could not find a simple features geometry column. Will return a `data.frame`.
4: In st_read.DBIObject(conn, query = query) :
  Could not find a simple features geometry column. Will return a `data.frame`.
5: In st_read.DBIObject(conn, query = query) :
  Could not find a simple features geometry column. Will return a `data.frame`.
6: In st_read.DBIObject(conn, query = query) :
  Could not find a simple features geometry column. Will return a `data.frame`.
7: In st_read.DBIObject(conn, query = query) :
  Could not find a simple features geometry column. Will return a `data.frame`.
8: In st_read.DBIObject(conn, query = query) :
  Could not find a simple features geometry column. Will return a `data.frame`.
9: In st_read.DBIObject(conn, query = query) :
  Could not find a simple features geometry column. Will return a `data.frame`.
10: In st_read.DBIObject(conn, query = query) :
  Could not find a simple features geometry column. Will return a `data.frame`.
# A tibble: 17,737 × 8
   id_segment mapping_code_bt    mapping_code_ch mapping_code_cm mapping_code_co
        <int> <chr>              <chr>           <chr>           <chr>          
 1       2966 ""                 ""              ""              ""             
 2       2967 ""                 ""              ""              ""             
 3       2981 ""                 ""              ""              ""             
 4       2982 ""                 ""              ""              ""             
 5       2995 "ACCESS;ASSESSED;… ""              ""              ""             
 6       2996 ""                 ""              ""              ""             
 7       3069 ""                 ""              ""              ""             
 8       3070 ""                 ""              ""              ""             
 9       3071 ""                 ""              ""              ""             
10       3072 ""                 ""              ""              ""             
# ℹ 17,727 more rows
# ℹ 3 more variables: mapping_code_pk <chr>, mapping_code_sk <chr>,
#   mapping_code_st <chr>
[1] 17737
[wsg_recompute_one] HARR recomputed in 1.63 min (persist=fresh)
[1] 0
[1] 0
Warning message:
In read.table(file = file, header = header, sep = sep, quote = quote,  :
  incomplete final line found by readTableHeader on '/Users/airvine/Projects/repo/link/inst/extdata/configs/bcfishpass/overrides/cabd_blkey_xref.csv'
NOTICE:  table "zz_lnk_streams_ingr" does not exist, skipping

Warning messages:
1: In st_read.DBIObject(conn, query = query) :
  Could not find a simple features geometry column. Will return a `data.frame`.
2: In st_read.DBIObject(conn, query = query) :
  Could not find a simple features geometry column. Will return a `data.frame`.
3: In st_read.DBIObject(conn, query = query) :
  Could not find a simple features geometry column. Will return a `data.frame`.
4: In st_read.DBIObject(conn, query = query) :
  Could not find a simple features geometry column. Will return a `data.frame`.
# A tibble: 28,861 × 2
   id_segment mapping_code_bt
        <int> <chr>          
 1      27595 "SPAWN;DAM"    
 2      27607 "SPAWN;DAM"    
 3      27628 "SPAWN;DAM"    
 4      27650 "SPAWN;DAM"    
 5      27673 "SPAWN;DAM"    
 6      27695 "SPAWN;DAM"    
 7      18931 ""             
 8      27726 "SPAWN;DAM"    
 9      27727 "SPAWN;DAM"    
10        353 "ACCESS;DAM"   
# ℹ 28,851 more rows
[1] 28861
[wsg_recompute_one] INGR recomputed in 0.17 min (persist=fresh)
[1] 0
[1] 0
Warning message:
In read.table(file = file, header = header, sep = sep, quote = quote,  :
  incomplete final line found by readTableHeader on '/Users/airvine/Projects/repo/link/inst/extdata/configs/bcfishpass/overrides/cabd_blkey_xref.csv'
NOTICE:  table "zz_lnk_streams_kisp" does not exist, skipping

Warning messages:
1: In st_read.DBIObject(conn, query = query) :
  Could not find a simple features geometry column. Will return a `data.frame`.
2: In st_read.DBIObject(conn, query = query) :
  Could not find a simple features geometry column. Will return a `data.frame`.
3: In st_read.DBIObject(conn, query = query) :
  Could not find a simple features geometry column. Will return a `data.frame`.
4: In st_read.DBIObject(conn, query = query) :
  Could not find a simple features geometry column. Will return a `data.frame`.
5: In st_read.DBIObject(conn, query = query) :
  Could not find a simple features geometry column. Will return a `data.frame`.
6: In st_read.DBIObject(conn, query = query) :
  Could not find a simple features geometry column. Will return a `data.frame`.
7: In st_read.DBIObject(conn, query = query) :
  Could not find a simple features geometry column. Will return a `data.frame`.
8: In st_read.DBIObject(conn, query = query) :
  Could not find a simple features geometry column. Will return a `data.frame`.
9: In st_read.DBIObject(conn, query = query) :
  Could not find a simple features geometry column. Will return a `data.frame`.
10: In st_read.DBIObject(conn, query = query) :
  Could not find a simple features geometry column. Will return a `data.frame`.
# A tibble: 30,906 × 8
   id_segment mapping_code_bt    mapping_code_ch mapping_code_cm mapping_code_co
        <int> <chr>              <chr>           <chr>           <chr>          
 1       1948 "ACCESS;NONE;INTE… "ACCESS;NONE;I… "ACCESS;NONE;I… "ACCESS;NONE;I…
 2      27733 "SPAWN;NONE"       "SPAWN;NONE"    "SPAWN;NONE"    "SPAWN;NONE"   
 3      17742 ""                 ""              ""              ""             
 4      18402 "ACCESS;NONE"      "ACCESS;NONE"   "ACCESS;NONE"   "ACCESS;NONE"  
 5      11354 "ACCESS;MODELLED"  "ACCESS;MODELL… "ACCESS;MODELL… "ACCESS;MODELL…
 6      14549 ""                 ""              ""              ""             
 7      21489 "ACCESS;ASSESSED"  "ACCESS;ASSESS… "ACCESS;ASSESS… "ACCESS;ASSESS…
 8      25470 "REAR;ASSESSED"    "ACCESS;ASSESS… "ACCESS;ASSESS… "REAR;ASSESSED"
 9      22402 "SPAWN;NONE"       "SPAWN;NONE"    "SPAWN;NONE"    "SPAWN;NONE"   
10      24392 "ACCESS;NONE"      "ACCESS;NONE"   "ACCESS;NONE"   "ACCESS;NONE"  
# ℹ 30,896 more rows
# ℹ 3 more variables: mapping_code_pk <chr>, mapping_code_sk <chr>,
#   mapping_code_st <chr>
[1] 30906
[wsg_recompute_one] KISP recomputed in 2.10 min (persist=fresh)
[1] 0
[1] 0
Warning message:
In read.table(file = file, header = header, sep = sep, quote = quote,  :
  incomplete final line found by readTableHeader on '/Users/airvine/Projects/repo/link/inst/extdata/configs/bcfishpass/overrides/cabd_blkey_xref.csv'
NOTICE:  table "zz_lnk_streams_klum" does not exist, skipping

Warning messages:
1: In st_read.DBIObject(conn, query = query) :
  Could not find a simple features geometry column. Will return a `data.frame`.
2: In st_read.DBIObject(conn, query = query) :
  Could not find a simple features geometry column. Will return a `data.frame`.
3: In st_read.DBIObject(conn, query = query) :
  Could not find a simple features geometry column. Will return a `data.frame`.
4: In st_read.DBIObject(conn, query = query) :
  Could not find a simple features geometry column. Will return a `data.frame`.
5: In st_read.DBIObject(conn, query = query) :
  Could not find a simple features geometry column. Will return a `data.frame`.
6: In st_read.DBIObject(conn, query = query) :
  Could not find a simple features geometry column. Will return a `data.frame`.
7: In st_read.DBIObject(conn, query = query) :
  Could not find a simple features geometry column. Will return a `data.frame`.
8: In st_read.DBIObject(conn, query = query) :
  Could not find a simple features geometry column. Will return a `data.frame`.
9: In st_read.DBIObject(conn, query = query) :
  Could not find a simple features geometry column. Will return a `data.frame`.
10: In st_read.DBIObject(conn, query = query) :
  Could not find a simple features geometry column. Will return a `data.frame`.
# A tibble: 31,527 × 8
   id_segment mapping_code_bt  mapping_code_ch  mapping_code_cm  mapping_code_co
        <int> <chr>            <chr>            <chr>            <chr>          
 1       9821 "SPAWN;NONE"     "SPAWN;NONE"     "SPAWN;NONE"     "SPAWN;NONE"   
 2      12451 "REAR;NONE"      "ACCESS;NONE"    "ACCESS;NONE"    "ACCESS;NONE"  
 3      18556 "REAR;NONE"      "ACCESS;NONE"    "ACCESS;NONE"    "ACCESS;NONE"  
 4      20497 "SPAWN;MODELLED" "SPAWN;MODELLED" "SPAWN;MODELLED" "SPAWN;MODELLE…
 5       1053 "ACCESS;NONE"    "ACCESS;NONE"    "ACCESS;NONE"    "ACCESS;NONE"  
 6      18419 "SPAWN;NONE"     "SPAWN;NONE"     "SPAWN;NONE"     "SPAWN;NONE"   
 7      17568 ""               ""               ""               ""             
 8       2868 "ACCESS;NONE"    "ACCESS;NONE"    "ACCESS;NONE"    "ACCESS;NONE"  
 9      28210 "SPAWN;NONE"     "SPAWN;NONE"     "SPAWN;NONE"     "SPAWN;NONE"   
10      28062 ""               ""               ""               ""             
# ℹ 31,517 more rows
# ℹ 3 more variables: mapping_code_pk <chr>, mapping_code_sk <chr>,
#   mapping_code_st <chr>
[1] 31527
[wsg_recompute_one] KLUM recomputed in 1.61 min (persist=fresh)
[1] 0
[1] 0
Warning message:
In read.table(file = file, header = header, sep = sep, quote = quote,  :
  incomplete final line found by readTableHeader on '/Users/airvine/Projects/repo/link/inst/extdata/configs/bcfishpass/overrides/cabd_blkey_xref.csv'
NOTICE:  table "zz_lnk_streams_lbtn" does not exist, skipping

Warning messages:
1: In st_read.DBIObject(conn, query = query) :
  Could not find a simple features geometry column. Will return a `data.frame`.
2: In st_read.DBIObject(conn, query = query) :
  Could not find a simple features geometry column. Will return a `data.frame`.
3: In st_read.DBIObject(conn, query = query) :
  Could not find a simple features geometry column. Will return a `data.frame`.
4: In st_read.DBIObject(conn, query = query) :
  Could not find a simple features geometry column. Will return a `data.frame`.
# A tibble: 28,304 × 2
   id_segment mapping_code_bt             
        <int> <chr>                       
 1      16225 ACCESS;MODELLED;INTERMITTENT
 2       1178 ACCESS;MODELLED             
 3       8737 ACCESS;MODELLED             
 4       8738 ACCESS;MODELLED             
 5       8739 ACCESS;MODELLED             
 6       8741 ACCESS;MODELLED;INTERMITTENT
 7       8742 ACCESS;MODELLED;INTERMITTENT
 8       8745 ACCESS;MODELLED             
 9       8747 ACCESS;MODELLED;INTERMITTENT
10       8748 ACCESS;MODELLED;INTERMITTENT
# ℹ 28,294 more rows
[1] 28304
[wsg_recompute_one] LBTN recomputed in 0.14 min (persist=fresh)
[1] 0
[1] 0
Warning message:
In read.table(file = file, header = header, sep = sep, quote = quote,  :
  incomplete final line found by readTableHeader on '/Users/airvine/Projects/repo/link/inst/extdata/configs/bcfishpass/overrides/cabd_blkey_xref.csv'
NOTICE:  table "zz_lnk_streams_lchl" does not exist, skipping

Warning messages:
1: In st_read.DBIObject(conn, query = query) :
  Could not find a simple features geometry column. Will return a `data.frame`.
2: In st_read.DBIObject(conn, query = query) :
  Could not find a simple features geometry column. Will return a `data.frame`.
3: In st_read.DBIObject(conn, query = query) :
  Could not find a simple features geometry column. Will return a `data.frame`.
4: In st_read.DBIObject(conn, query = query) :
  Could not find a simple features geometry column. Will return a `data.frame`.
5: In st_read.DBIObject(conn, query = query) :
  Could not find a simple features geometry column. Will return a `data.frame`.
6: In st_read.DBIObject(conn, query = query) :
  Could not find a simple features geometry column. Will return a `data.frame`.
# A tibble: 19,891 × 4
   id_segment mapping_code_bt              mapping_code_ch   mapping_code_co  
        <int> <chr>                        <chr>             <chr>            
 1       5302 ACCESS;ASSESSED              "ACCESS;ASSESSED" "ACCESS;ASSESSED"
 2       9397 ACCESS;MODELLED              "ACCESS;MODELLED" "ACCESS;MODELLED"
 3       4477 ACCESS;MODELLED              ""                ""               
 4       4605 ACCESS;MODELLED;INTERMITTENT ""                ""               
 5       1759 ACCESS;DAM                   "ACCESS;DAM"      "ACCESS;DAM"     
 6       2339 ACCESS;MODELLED              "ACCESS;MODELLED" "ACCESS;MODELLED"
 7       7978 ACCESS;MODELLED              "ACCESS;MODELLED" "ACCESS;MODELLED"
 8         58 ACCESS;NONE                  "ACCESS;NONE"     "ACCESS;NONE"    
 9       3234 ACCESS;MODELLED              "ACCESS;MODELLED" "ACCESS;MODELLED"
10       6311 ACCESS;MODELLED              "ACCESS;MODELLED" "ACCESS;MODELLED"
# ℹ 19,881 more rows
[1] 19891
[wsg_recompute_one] LCHL recomputed in 0.55 min (persist=fresh)
[1] 0
[1] 0
Warning message:
In read.table(file = file, header = header, sep = sep, quote = quote,  :
  incomplete final line found by readTableHeader on '/Users/airvine/Projects/repo/link/inst/extdata/configs/bcfishpass/overrides/cabd_blkey_xref.csv'
NOTICE:  table "zz_lnk_streams_lfra" does not exist, skipping

Warning messages:
1: In st_read.DBIObject(conn, query = query) :
  Could not find a simple features geometry column. Will return a `data.frame`.
2: In st_read.DBIObject(conn, query = query) :
  Could not find a simple features geometry column. Will return a `data.frame`.
3: In st_read.DBIObject(conn, query = query) :
  Could not find a simple features geometry column. Will return a `data.frame`.
4: In st_read.DBIObject(conn, query = query) :
  Could not find a simple features geometry column. Will return a `data.frame`.
5: In st_read.DBIObject(conn, query = query) :
  Could not find a simple features geometry column. Will return a `data.frame`.
6: In st_read.DBIObject(conn, query = query) :
  Could not find a simple features geometry column. Will return a `data.frame`.
7: In st_read.DBIObject(conn, query = query) :
  Could not find a simple features geometry column. Will return a `data.frame`.
8: In st_read.DBIObject(conn, query = query) :
  Could not find a simple features geometry column. Will return a `data.frame`.
9: In st_read.DBIObject(conn, query = query) :
  Could not find a simple features geometry column. Will return a `data.frame`.
10: In st_read.DBIObject(conn, query = query) :
  Could not find a simple features geometry column. Will return a `data.frame`.
# A tibble: 26,925 × 8
   id_segment mapping_code_bt  mapping_code_ch mapping_code_cm mapping_code_co
        <int> <chr>            <chr>           <chr>           <chr>          
 1       2910 "ACCESS;DAM"     "ACCESS;DAM"    "ACCESS;DAM"    "ACCESS;DAM"   
 2        118 "SPAWN;NONE"     "SPAWN;NONE"    "SPAWN;NONE"    "SPAWN;NONE"   
 3       7977 "ACCESS;NONE"    "ACCESS;NONE"   "ACCESS;NONE"   "ACCESS;NONE"  
 4      22628 "SPAWN;DAM"      "SPAWN;DAM"     "SPAWN;DAM"     "SPAWN;DAM"    
 5       8930 "SPAWN;MODELLED" "ACCESS;DAM"    "SPAWN;DAM"     "SPAWN;DAM"    
 6         75 "SPAWN;NONE"     "SPAWN;NONE"    "SPAWN;NONE"    "SPAWN;NONE"   
 7       9352 ""               ""              ""              ""             
 8        296 "ACCESS;DAM"     "ACCESS;DAM"    "ACCESS;DAM"    "ACCESS;DAM"   
 9        123 "SPAWN;NONE"     "SPAWN;NONE"    "SPAWN;NONE"    "SPAWN;NONE"   
10        122 "SPAWN;NONE"     "SPAWN;NONE"    "SPAWN;NONE"    "SPAWN;NONE"   
# ℹ 26,915 more rows
# ℹ 3 more variables: mapping_code_pk <chr>, mapping_code_sk <chr>,
#   mapping_code_st <chr>
[1] 26925
[wsg_recompute_one] LFRA recomputed in 6.73 min (persist=fresh)
[1] 0
[1] 0
Warning message:
In read.table(file = file, header = header, sep = sep, quote = quote,  :
  incomplete final line found by readTableHeader on '/Users/airvine/Projects/repo/link/inst/extdata/configs/bcfishpass/overrides/cabd_blkey_xref.csv'
NOTICE:  table "zz_lnk_streams_lkel" does not exist, skipping

Warning messages:
1: In st_read.DBIObject(conn, query = query) :
  Could not find a simple features geometry column. Will return a `data.frame`.
2: In st_read.DBIObject(conn, query = query) :
  Could not find a simple features geometry column. Will return a `data.frame`.
3: In st_read.DBIObject(conn, query = query) :
  Could not find a simple features geometry column. Will return a `data.frame`.
4: In st_read.DBIObject(conn, query = query) :
  Could not find a simple features geometry column. Will return a `data.frame`.
5: In st_read.DBIObject(conn, query = query) :
  Could not find a simple features geometry column. Will return a `data.frame`.
6: In st_read.DBIObject(conn, query = query) :
  Could not find a simple features geometry column. Will return a `data.frame`.
7: In st_read.DBIObject(conn, query = query) :
  Could not find a simple features geometry column. Will return a `data.frame`.
8: In st_read.DBIObject(conn, query = query) :
  Could not find a simple features geometry column. Will return a `data.frame`.
9: In st_read.DBIObject(conn, query = query) :
  Could not find a simple features geometry column. Will return a `data.frame`.
# A tibble: 3,376 × 7
   id_segment mapping_code_bt mapping_code_ch mapping_code_cm mapping_code_co
        <int> <chr>           <chr>           <chr>           <chr>          
 1       1117 ""              ""              ""              ""             
 2        356 "ACCESS;NONE"   "ACCESS;NONE"   "ACCESS;NONE"   "ACCESS;NONE"  
 3       2079 ""              ""              ""              ""             
 4       3164 "ACCESS;NONE"   ""              ""              ""             
 5       2085 "SPAWN;NONE"    "SPAWN;NONE"    "SPAWN;NONE"    "SPAWN;NONE"   
 6       2488 "SPAWN;DAM"     "SPAWN;DAM"     "SPAWN;DAM"     "SPAWN;DAM"    
 7       3175 "REAR;DAM"      "ACCESS;DAM"    "ACCESS;DAM"    "ACCESS;DAM"   
 8       1293 "ACCESS;NONE"   "ACCESS;NONE"   "ACCESS;NONE"   "ACCESS;NONE"  
 9       1007 "REAR;NONE"     "ACCESS;NONE"   "ACCESS;NONE"   "REAR;NONE"    
10        463 ""              ""              ""              ""             
# ℹ 3,366 more rows
# ℹ 2 more variables: mapping_code_pk <chr>, mapping_code_st <chr>
[1] 3376
[wsg_recompute_one] LKEL recomputed in 1.96 min (persist=fresh)
[1] 0
[1] 0
Warning message:
In read.table(file = file, header = header, sep = sep, quote = quote,  :
  incomplete final line found by readTableHeader on '/Users/airvine/Projects/repo/link/inst/extdata/configs/bcfishpass/overrides/cabd_blkey_xref.csv'
NOTICE:  table "zz_lnk_streams_lomi" does not exist, skipping

Warning messages:
1: In st_read.DBIObject(conn, query = query) :
  Could not find a simple features geometry column. Will return a `data.frame`.
2: In st_read.DBIObject(conn, query = query) :
  Could not find a simple features geometry column. Will return a `data.frame`.
3: In st_read.DBIObject(conn, query = query) :
  Could not find a simple features geometry column. Will return a `data.frame`.
4: In st_read.DBIObject(conn, query = query) :
  Could not find a simple features geometry column. Will return a `data.frame`.
# A tibble: 21,628 × 2
   id_segment mapping_code_bt               
        <int> <chr>                         
 1       2943 "ACCESS;MODELLED;INTERMITTENT"
 2       2990 ""                            
 3       2992 ""                            
 4       3032 "ACCESS;DAM;INTERMITTENT"     
 5       3036 "ACCESS;MODELLED;INTERMITTENT"
 6       3089 "ACCESS;MODELLED;INTERMITTENT"
 7       3050 "ACCESS;MODELLED"             
 8       3064 "ACCESS;MODELLED"             
 9       3105 "ACCESS;MODELLED;INTERMITTENT"
10      14492 ""                            
# ℹ 21,618 more rows
[1] 21628
[wsg_recompute_one] LOMI recomputed in 0.14 min (persist=fresh)
[1] 0
[1] 0
Warning message:
In read.table(file = file, header = header, sep = sep, quote = quote,  :
  incomplete final line found by readTableHeader on '/Users/airvine/Projects/repo/link/inst/extdata/configs/bcfishpass/overrides/cabd_blkey_xref.csv'
NOTICE:  table "zz_lnk_streams_lpce" does not exist, skipping

Warning messages:
1: In st_read.DBIObject(conn, query = query) :
  Could not find a simple features geometry column. Will return a `data.frame`.
2: In st_read.DBIObject(conn, query = query) :
  Could not find a simple features geometry column. Will return a `data.frame`.
3: In st_read.DBIObject(conn, query = query) :
  Could not find a simple features geometry column. Will return a `data.frame`.
4: In st_read.DBIObject(conn, query = query) :
  Could not find a simple features geometry column. Will return a `data.frame`.
# A tibble: 11,483 × 2
   id_segment mapping_code_bt
        <int> <chr>          
 1       8671 SPAWN;NONE     
 2       8675 SPAWN;NONE     
 3       8676 SPAWN;NONE     
 4       8677 SPAWN;NONE     
 5       9793 SPAWN;MODELLED 
 6       9837 REAR;MODELLED  
 7       9794 SPAWN;MODELLED 
 8       9795 SPAWN;MODELLED 
 9       9796 SPAWN;MODELLED 
10       9797 SPAWN;MODELLED 
# ℹ 11,473 more rows
[1] 11483
[wsg_recompute_one] LPCE recomputed in 0.09 min (persist=fresh)
[1] 0
[1] 0
Warning message:
In read.table(file = file, header = header, sep = sep, quote = quote,  :
  incomplete final line found by readTableHeader on '/Users/airvine/Projects/repo/link/inst/extdata/configs/bcfishpass/overrides/cabd_blkey_xref.csv'
NOTICE:  table "zz_lnk_streams_lsal" does not exist, skipping

Warning messages:
1: In st_read.DBIObject(conn, query = query) :
  Could not find a simple features geometry column. Will return a `data.frame`.
2: In st_read.DBIObject(conn, query = query) :
  Could not find a simple features geometry column. Will return a `data.frame`.
3: In st_read.DBIObject(conn, query = query) :
  Could not find a simple features geometry column. Will return a `data.frame`.
4: In st_read.DBIObject(conn, query = query) :
  Could not find a simple features geometry column. Will return a `data.frame`.
# A tibble: 11,517 × 2
   id_segment mapping_code_ch             
        <int> <chr>                       
 1       2126 ACCESS;MODELLED             
 2       2127 ACCESS;MODELLED             
 3       2129 ACCESS;NONE                 
 4       2130 ACCESS;NONE                 
 5       2131 ACCESS;MODELLED             
 6       2134 ACCESS;NONE                 
 7       2135 ACCESS;NONE;INTERMITTENT    
 8       2136 ACCESS;NONE;INTERMITTENT    
 9       2137 ACCESS;MODELLED;INTERMITTENT
10       2142 ACCESS;NONE                 
# ℹ 11,507 more rows
[1] 11517
[wsg_recompute_one] LSAL recomputed in 0.17 min (persist=fresh)
[1] 0
[1] 0
Warning message:
In read.table(file = file, header = header, sep = sep, quote = quote,  :
  incomplete final line found by readTableHeader on '/Users/airvine/Projects/repo/link/inst/extdata/configs/bcfishpass/overrides/cabd_blkey_xref.csv'
NOTICE:  table "zz_lnk_streams_lske" does not exist, skipping

Warning messages:
1: In st_read.DBIObject(conn, query = query) :
  Could not find a simple features geometry column. Will return a `data.frame`.
2: In st_read.DBIObject(conn, query = query) :
  Could not find a simple features geometry column. Will return a `data.frame`.
3: In st_read.DBIObject(conn, query = query) :
  Could not find a simple features geometry column. Will return a `data.frame`.
4: In st_read.DBIObject(conn, query = query) :
  Could not find a simple features geometry column. Will return a `data.frame`.
5: In st_read.DBIObject(conn, query = query) :
  Could not find a simple features geometry column. Will return a `data.frame`.
6: In st_read.DBIObject(conn, query = query) :
  Could not find a simple features geometry column. Will return a `data.frame`.
7: In st_read.DBIObject(conn, query = query) :
  Could not find a simple features geometry column. Will return a `data.frame`.
8: In st_read.DBIObject(conn, query = query) :
  Could not find a simple features geometry column. Will return a `data.frame`.
9: In st_read.DBIObject(conn, query = query) :
  Could not find a simple features geometry column. Will return a `data.frame`.
10: In st_read.DBIObject(conn, query = query) :
  Could not find a simple features geometry column. Will return a `data.frame`.
# A tibble: 37,528 × 8
   id_segment mapping_code_bt    mapping_code_ch mapping_code_cm mapping_code_co
        <int> <chr>              <chr>           <chr>           <chr>          
 1       6666 "ACCESS;MODELLED;… "ACCESS;MODELL… "ACCESS;MODELL… "ACCESS;MODELL…
 2       6721 "ACCESS;NONE"      "ACCESS;NONE"   "ACCESS;NONE"   "ACCESS;NONE"  
 3       6769 ""                 ""              ""              ""             
 4       6804 "SPAWN;NONE"       "SPAWN;NONE"    "SPAWN;NONE"    "SPAWN;NONE"   
 5       6857 "ACCESS;NONE"      "ACCESS;NONE"   "ACCESS;NONE"   "ACCESS;NONE"  
 6       6874 ""                 ""              ""              ""             
 7       6879 ""                 ""              ""              ""             
 8       7311 "ACCESS;MODELLED"  "ACCESS;MODELL… "ACCESS;MODELL… "ACCESS;MODELL…
 9       6972 ""                 ""              ""              ""             
10       7020 "ACCESS;NONE"      "ACCESS;NONE"   "ACCESS;NONE"   "ACCESS;NONE"  
# ℹ 37,518 more rows
# ℹ 3 more variables: mapping_code_pk <chr>, mapping_code_sk <chr>,
#   mapping_code_st <chr>
[1] 37528
[wsg_recompute_one] LSKE recomputed in 2.56 min (persist=fresh)
[1] 0
[1] 0
Warning message:
In read.table(file = file, header = header, sep = sep, quote = quote,  :
  incomplete final line found by readTableHeader on '/Users/airvine/Projects/repo/link/inst/extdata/configs/bcfishpass/overrides/cabd_blkey_xref.csv'
NOTICE:  table "zz_lnk_streams_mesi" does not exist, skipping

Warning messages:
1: In st_read.DBIObject(conn, query = query) :
  Could not find a simple features geometry column. Will return a `data.frame`.
2: In st_read.DBIObject(conn, query = query) :
  Could not find a simple features geometry column. Will return a `data.frame`.
3: In st_read.DBIObject(conn, query = query) :
  Could not find a simple features geometry column. Will return a `data.frame`.
4: In st_read.DBIObject(conn, query = query) :
  Could not find a simple features geometry column. Will return a `data.frame`.
# A tibble: 18,534 × 2
   id_segment mapping_code_bt               
        <int> <chr>                         
 1       4954 "ACCESS;DAM;INTERMITTENT"     
 2       4951 "SPAWN;DAM"                   
 3       4973 ""                            
 4       7120 "ACCESS;MODELLED;INTERMITTENT"
 5       4976 ""                            
 6       4986 "ACCESS;DAM"                  
 7       4987 "ACCESS;DAM"                  
 8       4997 "ACCESS;DAM"                  
 9       5002 ""                            
10      10688 ""                            
# ℹ 18,524 more rows
[1] 18534
[wsg_recompute_one] MESI recomputed in 0.13 min (persist=fresh)
[1] 0
[1] 0
Warning message:
In read.table(file = file, header = header, sep = sep, quote = quote,  :
  incomplete final line found by readTableHeader on '/Users/airvine/Projects/repo/link/inst/extdata/configs/bcfishpass/overrides/cabd_blkey_xref.csv'
NOTICE:  table "zz_lnk_streams_mfra" does not exist, skipping

Warning messages:
1: In st_read.DBIObject(conn, query = query) :
  Could not find a simple features geometry column. Will return a `data.frame`.
2: In st_read.DBIObject(conn, query = query) :
  Could not find a simple features geometry column. Will return a `data.frame`.
3: In st_read.DBIObject(conn, query = query) :
  Could not find a simple features geometry column. Will return a `data.frame`.
4: In st_read.DBIObject(conn, query = query) :
  Could not find a simple features geometry column. Will return a `data.frame`.
# A tibble: 9,227 × 2
   id_segment mapping_code_ch
        <int> <chr>          
 1       3816 ""             
 2       3817 ""             
 3       3818 ""             
 4       3819 ""             
 5       3831 ""             
 6       3820 ""             
 7       3821 ""             
 8       3822 ""             
 9       3823 ""             
10       3824 ""             
# ℹ 9,217 more rows
[1] 9227
[wsg_recompute_one] MFRA recomputed in 0.27 min (persist=fresh)
[1] 0
[1] 0
Warning message:
In read.table(file = file, header = header, sep = sep, quote = quote,  :
  incomplete final line found by readTableHeader on '/Users/airvine/Projects/repo/link/inst/extdata/configs/bcfishpass/overrides/cabd_blkey_xref.csv'
NOTICE:  table "zz_lnk_streams_mork" does not exist, skipping

Warning messages:
1: In st_read.DBIObject(conn, query = query) :
  Could not find a simple features geometry column. Will return a `data.frame`.
2: In st_read.DBIObject(conn, query = query) :
  Could not find a simple features geometry column. Will return a `data.frame`.
3: In st_read.DBIObject(conn, query = query) :
  Could not find a simple features geometry column. Will return a `data.frame`.
4: In st_read.DBIObject(conn, query = query) :
  Could not find a simple features geometry column. Will return a `data.frame`.
5: In st_read.DBIObject(conn, query = query) :
  Could not find a simple features geometry column. Will return a `data.frame`.
# A tibble: 54,009 × 3
   id_segment mapping_code_bt                mapping_code_ch  
        <int> <chr>                          <chr>            
 1       6295 "ACCESS;ASSESSED;INTERMITTENT" ""               
 2       4508 ""                             ""               
 3      20190 ""                             ""               
 4       4527 "ACCESS;ASSESSED"              "ACCESS;ASSESSED"
 5       4528 "ACCESS;ASSESSED"              "ACCESS;ASSESSED"
 6       4533 ""                             ""               
 7      18700 "ACCESS;MODELLED"              "ACCESS;MODELLED"
 8       4568 "ACCESS;NONE"                  "ACCESS;NONE"    
 9       4569 ""                             ""               
10       4580 ""                             ""               
# ℹ 53,999 more rows
[1] 54009
[wsg_recompute_one] MORK recomputed in 1.19 min (persist=fresh)
[1] 0
[1] 0
Warning message:
In read.table(file = file, header = header, sep = sep, quote = quote,  :
  incomplete final line found by readTableHeader on '/Users/airvine/Projects/repo/link/inst/extdata/configs/bcfishpass/overrides/cabd_blkey_xref.csv'
NOTICE:  table "zz_lnk_streams_morr" does not exist, skipping

Warning messages:
1: In st_read.DBIObject(conn, query = query) :
  Could not find a simple features geometry column. Will return a `data.frame`.
2: In st_read.DBIObject(conn, query = query) :
  Could not find a simple features geometry column. Will return a `data.frame`.
3: In st_read.DBIObject(conn, query = query) :
  Could not find a simple features geometry column. Will return a `data.frame`.
4: In st_read.DBIObject(conn, query = query) :
  Could not find a simple features geometry column. Will return a `data.frame`.
5: In st_read.DBIObject(conn, query = query) :
  Could not find a simple features geometry column. Will return a `data.frame`.
6: In st_read.DBIObject(conn, query = query) :
  Could not find a simple features geometry column. Will return a `data.frame`.
7: In st_read.DBIObject(conn, query = query) :
  Could not find a simple features geometry column. Will return a `data.frame`.
8: In st_read.DBIObject(conn, query = query) :
  Could not find a simple features geometry column. Will return a `data.frame`.
9: In st_read.DBIObject(conn, query = query) :
  Could not find a simple features geometry column. Will return a `data.frame`.
# A tibble: 29,060 × 7
   id_segment mapping_code_bt    mapping_code_ch mapping_code_co mapping_code_pk
        <int> <chr>              <chr>           <chr>           <chr>          
 1       8927 ""                 ""              ""              ""             
 2       8928 ""                 ""              ""              ""             
 3       8929 ""                 ""              ""              ""             
 4       8930 ""                 ""              ""              ""             
 5       8931 "ACCESS;NONE"      "ACCESS;NONE"   "ACCESS;NONE"   "ACCESS;NONE"  
 6       9313 "ACCESS;NONE"      "ACCESS;NONE"   "ACCESS;NONE"   "ACCESS;NONE"  
 7       8932 ""                 ""              ""              ""             
 8       8934 "ACCESS;NONE"      "ACCESS;NONE"   "ACCESS;NONE"   "ACCESS;NONE"  
 9       8935 "ACCESS;NONE;INTE… ""              ""              ""             
10      21942 "ACCESS;NONE"      ""              ""              ""             
# ℹ 29,050 more rows
# ℹ 2 more variables: mapping_code_sk <chr>, mapping_code_st <chr>
[1] 29060
[wsg_recompute_one] MORR recomputed in 1.16 min (persist=fresh)
[1] 0
[1] 0
Warning message:
In read.table(file = file, header = header, sep = sep, quote = quote,  :
  incomplete final line found by readTableHeader on '/Users/airvine/Projects/repo/link/inst/extdata/configs/bcfishpass/overrides/cabd_blkey_xref.csv'
NOTICE:  table "zz_lnk_streams_mske" does not exist, skipping

Warning messages:
1: In st_read.DBIObject(conn, query = query) :
  Could not find a simple features geometry column. Will return a `data.frame`.
2: In st_read.DBIObject(conn, query = query) :
  Could not find a simple features geometry column. Will return a `data.frame`.
3: In st_read.DBIObject(conn, query = query) :
  Could not find a simple features geometry column. Will return a `data.frame`.
4: In st_read.DBIObject(conn, query = query) :
  Could not find a simple features geometry column. Will return a `data.frame`.
5: In st_read.DBIObject(conn, query = query) :
  Could not find a simple features geometry column. Will return a `data.frame`.
6: In st_read.DBIObject(conn, query = query) :
  Could not find a simple features geometry column. Will return a `data.frame`.
7: In st_read.DBIObject(conn, query = query) :
  Could not find a simple features geometry column. Will return a `data.frame`.
8: In st_read.DBIObject(conn, query = query) :
  Could not find a simple features geometry column. Will return a `data.frame`.
# A tibble: 29,996 × 6
   id_segment mapping_code_bt    mapping_code_ch mapping_code_co mapping_code_sk
        <int> <chr>              <chr>           <chr>           <chr>          
 1        232 ACCESS;NONE        "ACCESS;NONE"   "ACCESS;NONE"   "ACCESS;NONE"  
 2        372 ACCESS;NONE        "ACCESS;NONE"   "ACCESS;NONE"   "ACCESS;NONE"  
 3       1037 ACCESS;NONE;INTER… "ACCESS;NONE;I… "ACCESS;NONE;I… "ACCESS;NONE;I…
 4        381 ACCESS;NONE        "ACCESS;NONE"   "ACCESS;NONE"   "ACCESS;NONE"  
 5      20300 REAR;NONE          ""              ""              ""             
 6        380 ACCESS;NONE        "ACCESS;NONE"   "ACCESS;NONE"   "ACCESS;NONE"  
 7        388 ACCESS;NONE        "ACCESS;NONE"   "ACCESS;NONE"   "ACCESS;NONE"  
 8        389 ACCESS;NONE        "ACCESS;NONE"   "ACCESS;NONE"   "ACCESS;NONE"  
 9         52 SPAWN;NONE         "SPAWN;NONE"    "SPAWN;NONE"    "ACCESS;NONE"  
10        418 SPAWN;NONE         "SPAWN;NONE"    "SPAWN;NONE"    "ACCESS;NONE"  
# ℹ 29,986 more rows
# ℹ 1 more variable: mapping_code_st <chr>
[1] 29996
[wsg_recompute_one] MSKE recomputed in 1.97 min (persist=fresh)
[1] 0
[1] 0
Warning message:
In read.table(file = file, header = header, sep = sep, quote = quote,  :
  incomplete final line found by readTableHeader on '/Users/airvine/Projects/repo/link/inst/extdata/configs/bcfishpass/overrides/cabd_blkey_xref.csv'
NOTICE:  table "zz_lnk_streams_narc" does not exist, skipping

Warning messages:
1: In st_read.DBIObject(conn, query = query) :
  Could not find a simple features geometry column. Will return a `data.frame`.
2: In st_read.DBIObject(conn, query = query) :
  Could not find a simple features geometry column. Will return a `data.frame`.
3: In st_read.DBIObject(conn, query = query) :
  Could not find a simple features geometry column. Will return a `data.frame`.
4: In st_read.DBIObject(conn, query = query) :
  Could not find a simple features geometry column. Will return a `data.frame`.
5: In st_read.DBIObject(conn, query = query) :
  Could not find a simple features geometry column. Will return a `data.frame`.
6: In st_read.DBIObject(conn, query = query) :
  Could not find a simple features geometry column. Will return a `data.frame`.
# A tibble: 19,689 × 4
   id_segment mapping_code_bt                mapping_code_ch     mapping_code_pk
        <int> <chr>                          <chr>               <chr>          
 1       6516 "ACCESS;MODELLED;INTERMITTENT" "ACCESS;DAM;INTERM… "ACCESS;DAM;IN…
 2       6517 "ACCESS;MODELLED;INTERMITTENT" ""                  ""             
 3       6522 ""                             ""                  ""             
 4       6523 ""                             ""                  ""             
 5       6524 ""                             ""                  ""             
 6       6529 "REAR;NONE"                    "ACCESS;NONE"       "ACCESS;NONE"  
 7       6538 "ACCESS;MODELLED"              ""                  ""             
 8       6539 "ACCESS;MODELLED"              ""                  ""             
 9       6554 "ACCESS;MODELLED"              ""                  ""             
10       6555 "ACCESS;MODELLED"              "ACCESS;MODELLED"   "ACCESS;MODELL…
# ℹ 19,679 more rows
[1] 19689
[wsg_recompute_one] NARC recomputed in 0.86 min (persist=fresh)
[1] 0
[1] 0
Warning message:
In read.table(file = file, header = header, sep = sep, quote = quote,  :
  incomplete final line found by readTableHeader on '/Users/airvine/Projects/repo/link/inst/extdata/configs/bcfishpass/overrides/cabd_blkey_xref.csv'
NOTICE:  table "zz_lnk_streams_natr" does not exist, skipping

Warning messages:
1: In st_read.DBIObject(conn, query = query) :
  Could not find a simple features geometry column. Will return a `data.frame`.
2: In st_read.DBIObject(conn, query = query) :
  Could not find a simple features geometry column. Will return a `data.frame`.
3: In st_read.DBIObject(conn, query = query) :
  Could not find a simple features geometry column. Will return a `data.frame`.
4: In st_read.DBIObject(conn, query = query) :
  Could not find a simple features geometry column. Will return a `data.frame`.
# A tibble: 35,038 × 2
   id_segment mapping_code_bt          
        <int> <chr>                    
 1        838 "ACCESS;DAM;INTERMITTENT"
 2       7500 "ACCESS;DAM"             
 3      12772 "ACCESS;MODELLED"        
 4       4104 ""                       
 5       3152 ""                       
 6      14308 "ACCESS;DAM"             
 7      33993 ""                       
 8      34512 "SPAWN;DAM"              
 9      27619 "SPAWN;ASSESSED"         
10      27609 "SPAWN;ASSESSED"         
# ℹ 35,028 more rows
[1] 35038
[wsg_recompute_one] NATR recomputed in 0.22 min (persist=fresh)
[1] 0
[1] 0
Warning message:
In read.table(file = file, header = header, sep = sep, quote = quote,  :
  incomplete final line found by readTableHeader on '/Users/airvine/Projects/repo/link/inst/extdata/configs/bcfishpass/overrides/cabd_blkey_xref.csv'
NOTICE:  table "zz_lnk_streams_necr" does not exist, skipping

Warning messages:
1: In st_read.DBIObject(conn, query = query) :
  Could not find a simple features geometry column. Will return a `data.frame`.
2: In st_read.DBIObject(conn, query = query) :
  Could not find a simple features geometry column. Will return a `data.frame`.
3: In st_read.DBIObject(conn, query = query) :
  Could not find a simple features geometry column. Will return a `data.frame`.
4: In st_read.DBIObject(conn, query = query) :
  Could not find a simple features geometry column. Will return a `data.frame`.
5: In st_read.DBIObject(conn, query = query) :
  Could not find a simple features geometry column. Will return a `data.frame`.
6: In st_read.DBIObject(conn, query = query) :
  Could not find a simple features geometry column. Will return a `data.frame`.
7: In st_read.DBIObject(conn, query = query) :
  Could not find a simple features geometry column. Will return a `data.frame`.
# A tibble: 27,989 × 5
   id_segment mapping_code_bt    mapping_code_ch mapping_code_co mapping_code_sk
        <int> <chr>              <chr>           <chr>           <chr>          
 1       3495 ""                 ""              ""              ""             
 2       3498 ""                 ""              ""              ""             
 3       3499 ""                 ""              ""              ""             
 4       3500 ""                 ""              ""              ""             
 5       3501 ""                 ""              ""              ""             
 6       3502 ""                 ""              ""              ""             
 7       3503 "ACCESS;ASSESSED"  "ACCESS;DAM"    "ACCESS;DAM"    "ACCESS;DAM"   
 8       3505 "ACCESS;ASSESSED;… "ACCESS;ASSESS… "ACCESS;ASSESS… "ACCESS;ASSESS…
 9       3507 ""                 ""              ""              ""             
10       3508 ""                 ""              ""              ""             
# ℹ 27,979 more rows
[1] 27989
[wsg_recompute_one] NECR recomputed in 0.94 min (persist=fresh)
[1] 0
[1] 0
Warning message:
In read.table(file = file, header = header, sep = sep, quote = quote,  :
  incomplete final line found by readTableHeader on '/Users/airvine/Projects/repo/link/inst/extdata/configs/bcfishpass/overrides/cabd_blkey_xref.csv'
NOTICE:  table "zz_lnk_streams_ospk" does not exist, skipping

Warning messages:
1: In st_read.DBIObject(conn, query = query) :
  Could not find a simple features geometry column. Will return a `data.frame`.
2: In st_read.DBIObject(conn, query = query) :
  Could not find a simple features geometry column. Will return a `data.frame`.
3: In st_read.DBIObject(conn, query = query) :
  Could not find a simple features geometry column. Will return a `data.frame`.
4: In st_read.DBIObject(conn, query = query) :
  Could not find a simple features geometry column. Will return a `data.frame`.
# A tibble: 25,679 × 2
   id_segment mapping_code_bt
        <int> <chr>          
 1       9925 ""             
 2       9926 ""             
 3       9927 ""             
 4       9928 ""             
 5       9929 ""             
 6       9930 ""             
 7       9949 "SPAWN;DAM"    
 8      20055 ""             
 9      10032 ""             
10       9931 ""             
# ℹ 25,669 more rows
[1] 25679
[wsg_recompute_one] OSPK recomputed in 0.15 min (persist=fresh)
[1] 0
[1] 0
Warning message:
In read.table(file = file, header = header, sep = sep, quote = quote,  :
  incomplete final line found by readTableHeader on '/Users/airvine/Projects/repo/link/inst/extdata/configs/bcfishpass/overrides/cabd_blkey_xref.csv'
NOTICE:  table "zz_lnk_streams_para" does not exist, skipping

Warning messages:
1: In st_read.DBIObject(conn, query = query) :
  Could not find a simple features geometry column. Will return a `data.frame`.
2: In st_read.DBIObject(conn, query = query) :
  Could not find a simple features geometry column. Will return a `data.frame`.
3: In st_read.DBIObject(conn, query = query) :
  Could not find a simple features geometry column. Will return a `data.frame`.
4: In st_read.DBIObject(conn, query = query) :
  Could not find a simple features geometry column. Will return a `data.frame`.
# A tibble: 19,079 × 2
   id_segment mapping_code_bt               
        <int> <chr>                         
 1       8854 "ACCESS;DAM"                  
 2      11468 "ACCESS;DAM"                  
 3       7225 "ACCESS;ASSESSED;INTERMITTENT"
 4       7245 "ACCESS;MODELLED;INTERMITTENT"
 5       7571 "ACCESS;DAM"                  
 6      12079 "ACCESS;MODELLED"             
 7      11977 "ACCESS;MODELLED"             
 8      12243 "ACCESS;ASSESSED"             
 9       9734 ""                            
10      16035 "ACCESS;MODELLED"             
# ℹ 19,069 more rows
[1] 19079
[wsg_recompute_one] PARA recomputed in 0.13 min (persist=fresh)
[1] 0
[1] 0
Warning message:
In read.table(file = file, header = header, sep = sep, quote = quote,  :
  incomplete final line found by readTableHeader on '/Users/airvine/Projects/repo/link/inst/extdata/configs/bcfishpass/overrides/cabd_blkey_xref.csv'
NOTICE:  table "zz_lnk_streams_pars" does not exist, skipping

Warning messages:
1: In st_read.DBIObject(conn, query = query) :
  Could not find a simple features geometry column. Will return a `data.frame`.
2: In st_read.DBIObject(conn, query = query) :
  Could not find a simple features geometry column. Will return a `data.frame`.
3: In st_read.DBIObject(conn, query = query) :
  Could not find a simple features geometry column. Will return a `data.frame`.
4: In st_read.DBIObject(conn, query = query) :
  Could not find a simple features geometry column. Will return a `data.frame`.
# A tibble: 48,561 × 2
   id_segment mapping_code_bt             
        <int> <chr>                       
 1      35856 REAR;DAM                    
 2      35858 REAR;DAM                    
 3      35862 ACCESS;MODELLED             
 4      35863 ACCESS;MODELLED             
 5      35865 ACCESS;MODELLED             
 6      35877 ACCESS;ASSESSED;INTERMITTENT
 7      35878 ACCESS;ASSESSED;INTERMITTENT
 8      35879 SPAWN;DAM                   
 9      35908 ACCESS;DAM;INTERMITTENT     
10      35909 ACCESS;MODELLED;INTERMITTENT
# ℹ 48,551 more rows
[1] 48561
[wsg_recompute_one] PARS recomputed in 0.25 min (persist=fresh)
[1] 0
[1] 0
Warning message:
In read.table(file = file, header = header, sep = sep, quote = quote,  :
  incomplete final line found by readTableHeader on '/Users/airvine/Projects/repo/link/inst/extdata/configs/bcfishpass/overrides/cabd_blkey_xref.csv'
NOTICE:  table "zz_lnk_streams_pcea" does not exist, skipping

Warning messages:
1: In st_read.DBIObject(conn, query = query) :
  Could not find a simple features geometry column. Will return a `data.frame`.
2: In st_read.DBIObject(conn, query = query) :
  Could not find a simple features geometry column. Will return a `data.frame`.
3: In st_read.DBIObject(conn, query = query) :
  Could not find a simple features geometry column. Will return a `data.frame`.
4: In st_read.DBIObject(conn, query = query) :
  Could not find a simple features geometry column. Will return a `data.frame`.
# A tibble: 33,764 × 2
   id_segment mapping_code_bt
        <int> <chr>          
 1      14601 "ACCESS;DAM"   
 2      11478 ""             
 3      18905 "ACCESS;DAM"   
 4      26008 "SPAWN;DAM"    
 5       5855 "ACCESS;DAM"   
 6      28216 "REAR;DAM"     
 7      28725 "SPAWN;DAM"    
 8      30946 "SPAWN;DAM"    
 9      31416 "SPAWN;DAM"    
10      32216 "SPAWN;DAM"    
# ℹ 33,754 more rows
[1] 33764
[wsg_recompute_one] PCEA recomputed in 0.18 min (persist=fresh)
[1] 0
[1] 0
Warning message:
In read.table(file = file, header = header, sep = sep, quote = quote,  :
  incomplete final line found by readTableHeader on '/Users/airvine/Projects/repo/link/inst/extdata/configs/bcfishpass/overrides/cabd_blkey_xref.csv'
NOTICE:  table "zz_lnk_streams_salr" does not exist, skipping

Warning messages:
1: In st_read.DBIObject(conn, query = query) :
  Could not find a simple features geometry column. Will return a `data.frame`.
2: In st_read.DBIObject(conn, query = query) :
  Could not find a simple features geometry column. Will return a `data.frame`.
3: In st_read.DBIObject(conn, query = query) :
  Could not find a simple features geometry column. Will return a `data.frame`.
4: In st_read.DBIObject(conn, query = query) :
  Could not find a simple features geometry column. Will return a `data.frame`.
# A tibble: 10,663 × 2
   id_segment mapping_code_ch               
        <int> <chr>                         
 1       4131 "ACCESS;NONE"                 
 2       4147 "ACCESS;NONE"                 
 3       4135 "ACCESS;MODELLED"             
 4       4164 "ACCESS;MODELLED"             
 5       4165 "ACCESS;MODELLED;INTERMITTENT"
 6       4168 "ACCESS;MODELLED"             
 7       4181 ""                            
 8       4182 ""                            
 9       4184 ""                            
10       4192 "ACCESS;MODELLED"             
# ℹ 10,653 more rows
[1] 10663
[wsg_recompute_one] SALR recomputed in 0.16 min (persist=fresh)
[1] 0
[1] 0
Warning message:
In read.table(file = file, header = header, sep = sep, quote = quote,  :
  incomplete final line found by readTableHeader on '/Users/airvine/Projects/repo/link/inst/extdata/configs/bcfishpass/overrides/cabd_blkey_xref.csv'
NOTICE:  table "zz_lnk_streams_setn" does not exist, skipping

Warning messages:
1: In st_read.DBIObject(conn, query = query) :
  Could not find a simple features geometry column. Will return a `data.frame`.
2: In st_read.DBIObject(conn, query = query) :
  Could not find a simple features geometry column. Will return a `data.frame`.
3: In st_read.DBIObject(conn, query = query) :
  Could not find a simple features geometry column. Will return a `data.frame`.
4: In st_read.DBIObject(conn, query = query) :
  Could not find a simple features geometry column. Will return a `data.frame`.
5: In st_read.DBIObject(conn, query = query) :
  Could not find a simple features geometry column. Will return a `data.frame`.
6: In st_read.DBIObject(conn, query = query) :
  Could not find a simple features geometry column. Will return a `data.frame`.
7: In st_read.DBIObject(conn, query = query) :
  Could not find a simple features geometry column. Will return a `data.frame`.
8: In st_read.DBIObject(conn, query = query) :
  Could not find a simple features geometry column. Will return a `data.frame`.
9: In st_read.DBIObject(conn, query = query) :
  Could not find a simple features geometry column. Will return a `data.frame`.
10: In st_read.DBIObject(conn, query = query) :
  Could not find a simple features geometry column. Will return a `data.frame`.
# A tibble: 80,557 × 8
   id_segment mapping_code_bt   mapping_code_ch mapping_code_cm mapping_code_co
        <int> <chr>             <chr>           <chr>           <chr>          
 1      51736 "ACCESS;MODELLED" ""              ""              ""             
 2      51737 "ACCESS;MODELLED" ""              ""              ""             
 3      51738 "ACCESS;MODELLED" ""              ""              ""             
 4      51739 "ACCESS;MODELLED" ""              ""              ""             
 5      51742 ""                ""              ""              ""             
 6      51743 ""                ""              ""              ""             
 7      51744 ""                ""              ""              ""             
 8      51745 ""                ""              ""              ""             
 9      51746 ""                ""              ""              ""             
10      51747 ""                ""              ""              ""             
# ℹ 80,547 more rows
# ℹ 3 more variables: mapping_code_pk <chr>, mapping_code_sk <chr>,
#   mapping_code_st <chr>
[1] 80557
[wsg_recompute_one] SETN recomputed in 5.75 min (persist=fresh)
[1] 0
[1] 0
Warning message:
In read.table(file = file, header = header, sep = sep, quote = quote,  :
  incomplete final line found by readTableHeader on '/Users/airvine/Projects/repo/link/inst/extdata/configs/bcfishpass/overrides/cabd_blkey_xref.csv'
NOTICE:  table "zz_lnk_streams_tabr" does not exist, skipping

Warning messages:
1: In st_read.DBIObject(conn, query = query) :
  Could not find a simple features geometry column. Will return a `data.frame`.
2: In st_read.DBIObject(conn, query = query) :
  Could not find a simple features geometry column. Will return a `data.frame`.
3: In st_read.DBIObject(conn, query = query) :
  Could not find a simple features geometry column. Will return a `data.frame`.
4: In st_read.DBIObject(conn, query = query) :
  Could not find a simple features geometry column. Will return a `data.frame`.
5: In st_read.DBIObject(conn, query = query) :
  Could not find a simple features geometry column. Will return a `data.frame`.
# A tibble: 12,948 × 3
   id_segment mapping_code_bt mapping_code_ch
        <int> <chr>           <chr>          
 1      12036 SPAWN;ASSESSED  REAR;ASSESSED  
 2      12003 SPAWN;ASSESSED  SPAWN;ASSESSED 
 3      12006 REAR;ASSESSED   ACCESS;ASSESSED
 4      12017 SPAWN;ASSESSED  REAR;ASSESSED  
 5      12018 REAR;ASSESSED   ACCESS;ASSESSED
 6      12020 REAR;ASSESSED   ACCESS;ASSESSED
 7      12029 REAR;ASSESSED   ACCESS;ASSESSED
 8      12030 SPAWN;ASSESSED  REAR;ASSESSED  
 9      12052 REAR;ASSESSED   REAR;ASSESSED  
10      12062 SPAWN;NONE      SPAWN;NONE     
# ℹ 12,938 more rows
[1] 12948
[wsg_recompute_one] TABR recomputed in 0.56 min (persist=fresh)
[1] 0
[1] 0
Warning message:
In read.table(file = file, header = header, sep = sep, quote = quote,  :
  incomplete final line found by readTableHeader on '/Users/airvine/Projects/repo/link/inst/extdata/configs/bcfishpass/overrides/cabd_blkey_xref.csv'
NOTICE:  table "zz_lnk_streams_tood" does not exist, skipping

Warning messages:
1: In st_read.DBIObject(conn, query = query) :
  Could not find a simple features geometry column. Will return a `data.frame`.
2: In st_read.DBIObject(conn, query = query) :
  Could not find a simple features geometry column. Will return a `data.frame`.
3: In st_read.DBIObject(conn, query = query) :
  Could not find a simple features geometry column. Will return a `data.frame`.
4: In st_read.DBIObject(conn, query = query) :
  Could not find a simple features geometry column. Will return a `data.frame`.
# A tibble: 45,998 × 2
   id_segment mapping_code_bt          
        <int> <chr>                    
 1      15674 "ACCESS;DAM;INTERMITTENT"
 2      15827 "ACCESS;DAM;INTERMITTENT"
 3      11384 "ACCESS;DAM"             
 4      24653 ""                       
 5      22105 ""                       
 6      22106 "ACCESS;DAM"             
 7       9114 ""                       
 8      22107 "ACCESS;DAM;INTERMITTENT"
 9      44602 "SPAWN;DAM"              
10      44603 "SPAWN;DAM"              
# ℹ 45,988 more rows
[1] 45998
[wsg_recompute_one] TOOD recomputed in 0.29 min (persist=fresh)
[1] 0
[1] 0
Warning message:
In read.table(file = file, header = header, sep = sep, quote = quote,  :
  incomplete final line found by readTableHeader on '/Users/airvine/Projects/repo/link/inst/extdata/configs/bcfishpass/overrides/cabd_blkey_xref.csv'
NOTICE:  table "zz_lnk_streams_twac" does not exist, skipping

Warning messages:
1: In st_read.DBIObject(conn, query = query) :
  Could not find a simple features geometry column. Will return a `data.frame`.
2: In st_read.DBIObject(conn, query = query) :
  Could not find a simple features geometry column. Will return a `data.frame`.
3: In st_read.DBIObject(conn, query = query) :
  Could not find a simple features geometry column. Will return a `data.frame`.
4: In st_read.DBIObject(conn, query = query) :
  Could not find a simple features geometry column. Will return a `data.frame`.
5: In st_read.DBIObject(conn, query = query) :
  Could not find a simple features geometry column. Will return a `data.frame`.
# A tibble: 12,404 × 3
   id_segment mapping_code_bt mapping_code_ch
        <int> <chr>           <chr>          
 1       9392 ""              ""             
 2       9395 ""              ""             
 3       9396 ""              ""             
 4       9397 ""              ""             
 5       9398 ""              ""             
 6       9399 ""              ""             
 7       9400 ""              ""             
 8       9401 ""              ""             
 9       9402 ""              ""             
10       9403 ""              ""             
# ℹ 12,394 more rows
[1] 12404
[wsg_recompute_one] TWAC recomputed in 0.42 min (persist=fresh)
[1] 0
[1] 0
Warning message:
In read.table(file = file, header = header, sep = sep, quote = quote,  :
  incomplete final line found by readTableHeader on '/Users/airvine/Projects/repo/link/inst/extdata/configs/bcfishpass/overrides/cabd_blkey_xref.csv'
NOTICE:  table "zz_lnk_streams_ufra" does not exist, skipping

Warning messages:
1: In st_read.DBIObject(conn, query = query) :
  Could not find a simple features geometry column. Will return a `data.frame`.
2: In st_read.DBIObject(conn, query = query) :
  Could not find a simple features geometry column. Will return a `data.frame`.
3: In st_read.DBIObject(conn, query = query) :
  Could not find a simple features geometry column. Will return a `data.frame`.
4: In st_read.DBIObject(conn, query = query) :
  Could not find a simple features geometry column. Will return a `data.frame`.
5: In st_read.DBIObject(conn, query = query) :
  Could not find a simple features geometry column. Will return a `data.frame`.
# A tibble: 35,722 × 3
   id_segment mapping_code_bt            mapping_code_ch
        <int> <chr>                      <chr>          
 1      29567 ""                         ""             
 2      29467 ""                         ""             
 3      29468 "ACCESS;NONE"              "ACCESS;NONE"  
 4      29474 ""                         ""             
 5      29686 ""                         ""             
 6      29469 ""                         ""             
 7      29470 ""                         ""             
 8      29471 "ACCESS;NONE;INTERMITTENT" ""             
 9      29472 ""                         ""             
10      29475 ""                         ""             
# ℹ 35,712 more rows
[1] 35722
[wsg_recompute_one] UFRA recomputed in 0.99 min (persist=fresh)
[1] 0
[1] 0
Warning message:
In read.table(file = file, header = header, sep = sep, quote = quote,  :
  incomplete final line found by readTableHeader on '/Users/airvine/Projects/repo/link/inst/extdata/configs/bcfishpass/overrides/cabd_blkey_xref.csv'
NOTICE:  table "zz_lnk_streams_unrs" does not exist, skipping

Warning messages:
1: In st_read.DBIObject(conn, query = query) :
  Could not find a simple features geometry column. Will return a `data.frame`.
2: In st_read.DBIObject(conn, query = query) :
  Could not find a simple features geometry column. Will return a `data.frame`.
3: In st_read.DBIObject(conn, query = query) :
  Could not find a simple features geometry column. Will return a `data.frame`.
4: In st_read.DBIObject(conn, query = query) :
  Could not find a simple features geometry column. Will return a `data.frame`.
# A tibble: 26,143 × 2
   id_segment mapping_code_bt               
        <int> <chr>                         
 1      11129 "ACCESS;MODELLED;INTERMITTENT"
 2      11130 "ACCESS;MODELLED;INTERMITTENT"
 3      11131 "ACCESS;MODELLED;INTERMITTENT"
 4      11132 "ACCESS;MODELLED;INTERMITTENT"
 5      11133 ""                            
 6      11134 ""                            
 7      11135 ""                            
 8      11139 "ACCESS;MODELLED;INTERMITTENT"
 9      11148 "REAR;NONE;INTERMITTENT"      
10      11140 "ACCESS;MODELLED;INTERMITTENT"
# ℹ 26,133 more rows
[1] 26143
[wsg_recompute_one] UNRS recomputed in 0.16 min (persist=fresh)
[1] 0
[1] 0
Warning message:
In read.table(file = file, header = header, sep = sep, quote = quote,  :
  incomplete final line found by readTableHeader on '/Users/airvine/Projects/repo/link/inst/extdata/configs/bcfishpass/overrides/cabd_blkey_xref.csv'
NOTICE:  table "zz_lnk_streams_uomi" does not exist, skipping

Warning messages:
1: In st_read.DBIObject(conn, query = query) :
  Could not find a simple features geometry column. Will return a `data.frame`.
2: In st_read.DBIObject(conn, query = query) :
  Could not find a simple features geometry column. Will return a `data.frame`.
3: In st_read.DBIObject(conn, query = query) :
  Could not find a simple features geometry column. Will return a `data.frame`.
4: In st_read.DBIObject(conn, query = query) :
  Could not find a simple features geometry column. Will return a `data.frame`.
# A tibble: 19,176 × 2
   id_segment mapping_code_bt  
        <int> <chr>            
 1       1699 ""               
 2      14346 "ACCESS;DAM"     
 3       7250 "ACCESS;DAM"     
 4       2855 "SPAWN;DAM"      
 5        603 "ACCESS;DAM"     
 6      13279 "ACCESS;MODELLED"
 7       2025 "ACCESS;MODELLED"
 8       2596 "ACCESS;DAM"     
 9         29 "ACCESS;DAM"     
10        202 "ACCESS;DAM"     
# ℹ 19,166 more rows
[1] 19176
[wsg_recompute_one] UOMI recomputed in 0.12 min (persist=fresh)
[1] 0
[1] 0
Warning message:
In read.table(file = file, header = header, sep = sep, quote = quote,  :
  incomplete final line found by readTableHeader on '/Users/airvine/Projects/repo/link/inst/extdata/configs/bcfishpass/overrides/cabd_blkey_xref.csv'
NOTICE:  table "zz_lnk_streams_upce" does not exist, skipping

Warning messages:
1: In st_read.DBIObject(conn, query = query) :
  Could not find a simple features geometry column. Will return a `data.frame`.
2: In st_read.DBIObject(conn, query = query) :
  Could not find a simple features geometry column. Will return a `data.frame`.
3: In st_read.DBIObject(conn, query = query) :
  Could not find a simple features geometry column. Will return a `data.frame`.
4: In st_read.DBIObject(conn, query = query) :
  Could not find a simple features geometry column. Will return a `data.frame`.
# A tibble: 25,024 × 2
   id_segment mapping_code_bt
        <int> <chr>          
 1      24643 REAR;DAM       
 2      24644 REAR;DAM       
 3      24645 REAR;DAM       
 4      24646 REAR;DAM       
 5      24647 REAR;DAM       
 6      24648 REAR;DAM       
 7      24649 REAR;DAM       
 8      24651 REAR;DAM       
 9      24652 REAR;DAM       
10      24653 REAR;DAM       
# ℹ 25,014 more rows
[1] 25024
[wsg_recompute_one] UPCE recomputed in 0.12 min (persist=fresh)
[1] 0
[1] 0
Warning message:
In read.table(file = file, header = header, sep = sep, quote = quote,  :
  incomplete final line found by readTableHeader on '/Users/airvine/Projects/repo/link/inst/extdata/configs/bcfishpass/overrides/cabd_blkey_xref.csv'
NOTICE:  table "zz_lnk_streams_uske" does not exist, skipping

Warning messages:
1: In st_read.DBIObject(conn, query = query) :
  Could not find a simple features geometry column. Will return a `data.frame`.
2: In st_read.DBIObject(conn, query = query) :
  Could not find a simple features geometry column. Will return a `data.frame`.
3: In st_read.DBIObject(conn, query = query) :
  Could not find a simple features geometry column. Will return a `data.frame`.
4: In st_read.DBIObject(conn, query = query) :
  Could not find a simple features geometry column. Will return a `data.frame`.
5: In st_read.DBIObject(conn, query = query) :
  Could not find a simple features geometry column. Will return a `data.frame`.
6: In st_read.DBIObject(conn, query = query) :
  Could not find a simple features geometry column. Will return a `data.frame`.
7: In st_read.DBIObject(conn, query = query) :
  Could not find a simple features geometry column. Will return a `data.frame`.
8: In st_read.DBIObject(conn, query = query) :
  Could not find a simple features geometry column. Will return a `data.frame`.
# A tibble: 26,523 × 6
   id_segment mapping_code_bt    mapping_code_ch mapping_code_co mapping_code_sk
        <int> <chr>              <chr>           <chr>           <chr>          
 1       1779 "ACCESS;NONE"      ""              ""              ""             
 2       1780 ""                 ""              ""              ""             
 3       2364 ""                 ""              ""              ""             
 4       2366 "ACCESS;NONE;INTE… ""              ""              ""             
 5       2367 "ACCESS;NONE;INTE… ""              ""              ""             
 6      14660 "ACCESS;NONE"      "ACCESS;NONE"   "ACCESS;NONE"   "ACCESS;NONE"  
 7      16115 "ACCESS;NONE"      ""              ""              ""             
 8      16116 "ACCESS;NONE"      ""              ""              ""             
 9      16119 "ACCESS;NONE"      ""              ""              ""             
10      16120 ""                 ""              ""              ""             
# ℹ 26,513 more rows
# ℹ 1 more variable: mapping_code_st <chr>
[1] 26523
[wsg_recompute_one] USKE recomputed in 1.32 min (persist=fresh)
[1] 0
[1] 0
Warning message:
In read.table(file = file, header = header, sep = sep, quote = quote,  :
  incomplete final line found by readTableHeader on '/Users/airvine/Projects/repo/link/inst/extdata/configs/bcfishpass/overrides/cabd_blkey_xref.csv'
NOTICE:  table "zz_lnk_streams_will" does not exist, skipping

Warning messages:
1: In st_read.DBIObject(conn, query = query) :
  Could not find a simple features geometry column. Will return a `data.frame`.
2: In st_read.DBIObject(conn, query = query) :
  Could not find a simple features geometry column. Will return a `data.frame`.
3: In st_read.DBIObject(conn, query = query) :
  Could not find a simple features geometry column. Will return a `data.frame`.
4: In st_read.DBIObject(conn, query = query) :
  Could not find a simple features geometry column. Will return a `data.frame`.
5: In st_read.DBIObject(conn, query = query) :
  Could not find a simple features geometry column. Will return a `data.frame`.
6: In st_read.DBIObject(conn, query = query) :
  Could not find a simple features geometry column. Will return a `data.frame`.
# A tibble: 19,441 × 4
   id_segment mapping_code_bt                mapping_code_ch     mapping_code_co
        <int> <chr>                          <chr>               <chr>          
 1       6715 "ACCESS;ASSESSED;INTERMITTENT" ""                  ""             
 2       6716 ""                             ""                  ""             
 3       6717 ""                             ""                  ""             
 4       6718 "ACCESS;MODELLED;INTERMITTENT" "ACCESS;MODELLED;I… "ACCESS;MODELL…
 5       6752 "ACCESS;ASSESSED;INTERMITTENT" "ACCESS;ASSESSED;I… "ACCESS;ASSESS…
 6       7461 "ACCESS;ASSESSED;INTERMITTENT" ""                  ""             
 7       7462 "ACCESS;ASSESSED;INTERMITTENT" ""                  ""             
 8       6719 "ACCESS;MODELLED;INTERMITTENT" "ACCESS;MODELLED;I… "ACCESS;MODELL…
 9       6722 "ACCESS;ASSESSED"              "ACCESS;ASSESSED"   "ACCESS;ASSESS…
10       6723 "ACCESS;ASSESSED"              "ACCESS;ASSESSED"   "ACCESS;ASSESS…
# ℹ 19,431 more rows
[1] 19441
[wsg_recompute_one] WILL recomputed in 0.55 min (persist=fresh)
[1] 0
[1] 0
Warning message:
In read.table(file = file, header = header, sep = sep, quote = quote,  :
  incomplete final line found by readTableHeader on '/Users/airvine/Projects/repo/link/inst/extdata/configs/bcfishpass/overrides/cabd_blkey_xref.csv'
NOTICE:  table "zz_lnk_streams_zymo" does not exist, skipping

Warning messages:
1: In st_read.DBIObject(conn, query = query) :
  Could not find a simple features geometry column. Will return a `data.frame`.
2: In st_read.DBIObject(conn, query = query) :
  Could not find a simple features geometry column. Will return a `data.frame`.
3: In st_read.DBIObject(conn, query = query) :
  Could not find a simple features geometry column. Will return a `data.frame`.
4: In st_read.DBIObject(conn, query = query) :
  Could not find a simple features geometry column. Will return a `data.frame`.
5: In st_read.DBIObject(conn, query = query) :
  Could not find a simple features geometry column. Will return a `data.frame`.
6: In st_read.DBIObject(conn, query = query) :
  Could not find a simple features geometry column. Will return a `data.frame`.
7: In st_read.DBIObject(conn, query = query) :
  Could not find a simple features geometry column. Will return a `data.frame`.
# A tibble: 24,007 × 5
   id_segment mapping_code_bt mapping_code_ch mapping_code_co mapping_code_st
        <int> <chr>           <chr>           <chr>           <chr>          
 1       9391 "ACCESS;NONE"   "ACCESS;NONE"   "ACCESS;NONE"   "ACCESS;NONE"  
 2      12706 ""              ""              ""              ""             
 3       8162 ""              ""              ""              ""             
 4      23199 "SPAWN;NONE"    "SPAWN;NONE"    "SPAWN;NONE"    "SPAWN;NONE"   
 5      23200 "SPAWN;NONE"    "SPAWN;NONE"    "SPAWN;NONE"    "SPAWN;NONE"   
 6      23201 "SPAWN;NONE"    "SPAWN;NONE"    "SPAWN;NONE"    "SPAWN;NONE"   
 7      23202 "SPAWN;NONE"    "SPAWN;NONE"    "SPAWN;NONE"    "SPAWN;NONE"   
 8      23203 "SPAWN;NONE"    "SPAWN;NONE"    "SPAWN;NONE"    "SPAWN;NONE"   
 9      23204 "SPAWN;NONE"    "SPAWN;NONE"    "SPAWN;NONE"    "SPAWN;NONE"   
10      23205 "SPAWN;NONE"    "SPAWN;NONE"    "SPAWN;NONE"    "SPAWN;NONE"   
# ℹ 23,997 more rows
[1] 24007
[wsg_recompute_one] ZYMO recomputed in 0.73 min (persist=fresh)
