[cypher_down] destroying workspace 'job1' (no reserved IP)
[0m[1mmodule.droplet.digitalocean_droplet.this: Refreshing state... [id=573074211][0m
[0m[1mmodule.droplet.digitalocean_firewall.this[0]: Refreshing state... [id=2c375b52-0555-4bf4-80c0-73c4c974ff0b][0m

OpenTofu used the selected providers to generate the following execution
plan. Resource actions are indicated with the following symbols:
  [31m-[0m destroy[0m

OpenTofu will perform the following actions:

[1m  # module.droplet.digitalocean_droplet.this[0m will be [1m[31mdestroyed[0m
[0m  [31m-[0m[0m resource "digitalocean_droplet" "this" {
      [31m-[0m[0m backups              = false [90m-> null[0m[0m
      [31m-[0m[0m created_at           = "2026-05-25T10:21:08Z" [90m-> null[0m[0m
      [31m-[0m[0m disk                 = 400 [90m-> null[0m[0m
      [31m-[0m[0m graceful_shutdown    = false [90m-> null[0m[0m
      [31m-[0m[0m id                   = "573074211" [90m-> null[0m[0m
      [31m-[0m[0m image                = "228350154" [90m-> null[0m[0m
      [31m-[0m[0m ipv4_address         = "64.23.134.68" [90m-> null[0m[0m
      [31m-[0m[0m ipv4_address_private = "10.124.0.8" [90m-> null[0m[0m
      [31m-[0m[0m ipv6                 = false [90m-> null[0m[0m
      [31m-[0m[0m locked               = false [90m-> null[0m[0m
      [31m-[0m[0m memory               = 32768 [90m-> null[0m[0m
      [31m-[0m[0m monitoring           = false [90m-> null[0m[0m
      [31m-[0m[0m name                 = "cypher-job1" [90m-> null[0m[0m
      [31m-[0m[0m price_hourly         = 0.25 [90m-> null[0m[0m
      [31m-[0m[0m price_monthly        = 168 [90m-> null[0m[0m
      [31m-[0m[0m private_networking   = true [90m-> null[0m[0m
      [31m-[0m[0m public_networking    = true [90m-> null[0m[0m
      [31m-[0m[0m region               = "sfo3" [90m-> null[0m[0m
      [31m-[0m[0m resize_disk          = true [90m-> null[0m[0m
      [31m-[0m[0m size                 = "s-8vcpu-32gb-amd" [90m-> null[0m[0m
      [31m-[0m[0m ssh_keys             = [
          [31m-[0m[0m "53795424",
          [31m-[0m[0m "56433424",
        ] [90m-> null[0m[0m
      [31m-[0m[0m status               = "active" [90m-> null[0m[0m
      [31m-[0m[0m tags                 = [
          [31m-[0m[0m "compute",
          [31m-[0m[0m "cypher",
          [31m-[0m[0m "dev",
          [31m-[0m[0m "job1",
        ] [90m-> null[0m[0m
      [31m-[0m[0m urn                  = "do:droplet:573074211" [90m-> null[0m[0m
      [31m-[0m[0m user_data            = (sensitive value) [90m-> null[0m[0m
      [31m-[0m[0m vcpus                = 8 [90m-> null[0m[0m
      [31m-[0m[0m volume_ids           = [] [90m-> null[0m[0m
      [31m-[0m[0m vpc_uuid             = "0503d836-77ab-45e3-a50f-52542155755f" [90m-> null[0m[0m
    }

[1m  # module.droplet.digitalocean_firewall.this[0][0m will be [1m[31mdestroyed[0m
[0m  [31m-[0m[0m resource "digitalocean_firewall" "this" {
      [31m-[0m[0m created_at      = "2026-05-25T10:23:25Z" [90m-> null[0m[0m
      [31m-[0m[0m droplet_ids     = [
          [31m-[0m[0m 573074211,
        ] [90m-> null[0m[0m
      [31m-[0m[0m id              = "2c375b52-0555-4bf4-80c0-73c4c974ff0b" [90m-> null[0m[0m
      [31m-[0m[0m name            = "cypher-job1-fw" [90m-> null[0m[0m
      [31m-[0m[0m pending_changes = [] [90m-> null[0m[0m
      [31m-[0m[0m status          = "succeeded" [90m-> null[0m[0m
      [31m-[0m[0m tags            = [] [90m-> null[0m[0m

      [31m-[0m[0m inbound_rule {
          [31m-[0m[0m port_range                = "22" [90m-> null[0m[0m
          [31m-[0m[0m protocol                  = "tcp" [90m-> null[0m[0m
          [31m-[0m[0m source_addresses          = [
              [31m-[0m[0m "0.0.0.0/0",
            ] [90m-> null[0m[0m
          [31m-[0m[0m source_droplet_ids        = [] [90m-> null[0m[0m
          [31m-[0m[0m source_kubernetes_ids     = [] [90m-> null[0m[0m
          [31m-[0m[0m source_load_balancer_uids = [] [90m-> null[0m[0m
          [31m-[0m[0m source_tags               = [] [90m-> null[0m[0m
        }
      [31m-[0m[0m inbound_rule {
          [31m-[0m[0m port_range                = "41641" [90m-> null[0m[0m
          [31m-[0m[0m protocol                  = "udp" [90m-> null[0m[0m
          [31m-[0m[0m source_addresses          = [
              [31m-[0m[0m "0.0.0.0/0",
              [31m-[0m[0m "::/0",
            ] [90m-> null[0m[0m
          [31m-[0m[0m source_droplet_ids        = [] [90m-> null[0m[0m
          [31m-[0m[0m source_kubernetes_ids     = [] [90m-> null[0m[0m
          [31m-[0m[0m source_load_balancer_uids = [] [90m-> null[0m[0m
          [31m-[0m[0m source_tags               = [] [90m-> null[0m[0m
        }

      [31m-[0m[0m outbound_rule {
          [31m-[0m[0m destination_addresses          = [
              [31m-[0m[0m "0.0.0.0/0",
              [31m-[0m[0m "::/0",
            ] [90m-> null[0m[0m
          [31m-[0m[0m destination_droplet_ids        = [] [90m-> null[0m[0m
          [31m-[0m[0m destination_kubernetes_ids     = [] [90m-> null[0m[0m
          [31m-[0m[0m destination_load_balancer_uids = [] [90m-> null[0m[0m
          [31m-[0m[0m destination_tags               = [] [90m-> null[0m[0m
          [31m-[0m[0m protocol                       = "icmp" [90m-> null[0m[0m
        }
      [31m-[0m[0m outbound_rule {
          [31m-[0m[0m destination_addresses          = [
              [31m-[0m[0m "0.0.0.0/0",
              [31m-[0m[0m "::/0",
            ] [90m-> null[0m[0m
          [31m-[0m[0m destination_droplet_ids        = [] [90m-> null[0m[0m
          [31m-[0m[0m destination_kubernetes_ids     = [] [90m-> null[0m[0m
          [31m-[0m[0m destination_load_balancer_uids = [] [90m-> null[0m[0m
          [31m-[0m[0m destination_tags               = [] [90m-> null[0m[0m
          [31m-[0m[0m port_range                     = "1-65535" [90m-> null[0m[0m
          [31m-[0m[0m protocol                       = "tcp" [90m-> null[0m[0m
        }
      [31m-[0m[0m outbound_rule {
          [31m-[0m[0m destination_addresses          = [
              [31m-[0m[0m "0.0.0.0/0",
              [31m-[0m[0m "::/0",
            ] [90m-> null[0m[0m
          [31m-[0m[0m destination_droplet_ids        = [] [90m-> null[0m[0m
          [31m-[0m[0m destination_kubernetes_ids     = [] [90m-> null[0m[0m
          [31m-[0m[0m destination_load_balancer_uids = [] [90m-> null[0m[0m
          [31m-[0m[0m destination_tags               = [] [90m-> null[0m[0m
          [31m-[0m[0m port_range                     = "1-65535" [90m-> null[0m[0m
          [31m-[0m[0m protocol                       = "udp" [90m-> null[0m[0m
        }
    }

[1mPlan:[0m 0 to add, 0 to change, 2 to destroy.
[0m
Changes to Outputs:
  [31m-[0m[0m droplet_id   = "573074211" [90m-> null[0m[0m
  [31m-[0m[0m droplet_ip   = "64.23.134.68" [90m-> null[0m[0m
  [31m-[0m[0m tailnet_name = "cypher-job1" [90m-> null[0m[0m
[0m[1mmodule.droplet.digitalocean_firewall.this[0]: Destroying... [id=2c375b52-0555-4bf4-80c0-73c4c974ff0b][0m[0m
[0m[1mmodule.droplet.digitalocean_firewall.this[0]: Destruction complete after 0s[0m
[0m[1mmodule.droplet.digitalocean_droplet.this: Destroying... [id=573074211][0m[0m
[0m[1mmodule.droplet.digitalocean_droplet.this: Still destroying... [id=573074211, 10s elapsed][0m[0m
[0m[1mmodule.droplet.digitalocean_droplet.this: Still destroying... [id=573074211, 20s elapsed][0m[0m
[0m[1mmodule.droplet.digitalocean_droplet.this: Destruction complete after 22s[0m
[0m[1m[32m
Destroy complete! Resources: 2 destroyed.
[0m
[cypher_down] complete. Workspace 'job1' state empty (still listed).
Delete the workspace with: cd /Users/airvine/Projects/repo/rtj/env/do/dev/cypher && tofu workspace select default && tofu workspace delete job1
